27.3.2024, 17:08:49 - INFO - toy t101 removed
29.3.2024, 16:48:59 - INFO - toy t202 removed
31.3.2024, 20:25:13 - INFO - Server is running on port: 3030
31.3.2024, 20:25:13 - INFO - server.js loaded...
31.3.2024, 20:25:21 - INFO - server.js loaded...
31.3.2024, 20:25:21 - INFO - Server is running on port: 3030
31.3.2024, 20:25:31 - INFO - server.js loaded...
31.3.2024, 20:25:31 - INFO - Server is running on port: 3030
31.3.2024, 20:58:56 - INFO - Req was made | /
31.3.2024, 20:58:56 - DEBUG - Getting Toys | {"txt":"","status":null,"labels":null}
31.3.2024, 21:05:11 - INFO - Req was made | /
31.3.2024, 21:05:11 - DEBUG - Getting Toys | {"txt":"","status":null,"labels":null}
31.3.2024, 21:05:59 - INFO - Req was made | /
31.3.2024, 21:05:59 - DEBUG - Getting Toys | {"txt":"","status":null,"labels":null}
31.3.2024, 21:06:01 - INFO - Req was made | /
31.3.2024, 21:06:01 - DEBUG - Getting Toys | {"txt":"","status":null,"labels":null}
31.3.2024, 21:06:04 - INFO - Req was made | /
31.3.2024, 21:06:04 - DEBUG - Getting Toys | {"txt":"","status":null,"labels":null}
31.3.2024, 21:07:03 - INFO - Req was made | /
31.3.2024, 21:07:03 - DEBUG - Getting Toys | {"txt":"","status":null,"labels":null}
31.3.2024, 21:07:07 - INFO - Req was made | /
31.3.2024, 21:07:07 - DEBUG - Getting Toys | {"txt":"","status":null,"labels":null}
31.3.2024, 21:07:08 - INFO - Req was made | /
31.3.2024, 21:07:08 - DEBUG - Getting Toys | {"txt":"","status":null,"labels":null}
31.3.2024, 21:09:20 - DEBUG - Getting Toys | {"txt":"","status":null,"labels":null}
31.3.2024, 21:09:20 - INFO - Req was made | /
31.3.2024, 21:09:23 - INFO - Req was made | /
31.3.2024, 21:09:23 - DEBUG - Getting Toys | {"txt":"","status":null,"labels":null}
31.3.2024, 21:16:15 - INFO - Req was made | /
31.3.2024, 21:16:15 - DEBUG - Getting Toys | {"txt":"","status":null,"labels":null}
31.3.2024, 21:16:17 - INFO - Req was made | /
31.3.2024, 21:16:17 - DEBUG - Getting Toys | {"txt":"","status":null,"labels":null}
31.3.2024, 21:16:54 - DEBUG - Getting Toys | {"txt":"","status":null,"labels":null}
31.3.2024, 21:16:54 - INFO - Req was made | /
31.3.2024, 21:52:19 - INFO - server.js loaded...
31.3.2024, 21:52:19 - INFO - Server is running on port: 3030
31.3.2024, 21:52:44 - INFO - Server is running on port: 3030
31.3.2024, 21:52:44 - INFO - server.js loaded...
31.3.2024, 21:53:00 - INFO - server.js loaded...
31.3.2024, 21:53:00 - INFO - Server is running on port: 3030
31.3.2024, 21:54:20 - INFO - Req was made | /
31.3.2024, 21:54:20 - DEBUG - Getting Toys | {"txt":"","status":null,"labels":null}
31.3.2024, 21:54:24 - INFO - Req was made | /
31.3.2024, 21:54:24 - DEBUG - Getting Toys | {"txt":"","status":null,"labels":null}
1.4.2024, 14:35:03 - INFO - server.js loaded...
1.4.2024, 14:35:03 - INFO - Server is running on port: 3030
1.4.2024, 14:35:06 - DEBUG - Getting Toys | {"txt":"","status":null,"labels":null}
1.4.2024, 14:35:06 - INFO - Req was made | /
1.4.2024, 14:56:57 - INFO - Req was made | /
1.4.2024, 14:56:57 - DEBUG - Getting Toys | {"txt":"","status":null,"labels":null}
1.4.2024, 14:56:59 - INFO - Req was made | /
1.4.2024, 14:56:59 - DEBUG - Getting Toys | {"txt":"","status":null,"labels":null}
1.4.2024, 15:03:10 - INFO - server.js loaded...
1.4.2024, 15:03:10 - INFO - Server is running on port: 3030
1.4.2024, 15:03:46 - INFO - server.js loaded...
1.4.2024, 15:03:46 - INFO - Server is running on port: 3030
1.4.2024, 15:03:52 - DEBUG - Getting Toys | {"txt":"","status":null,"labels":null}
1.4.2024, 15:03:52 - INFO - Req was made | /
1.4.2024, 15:14:08 - INFO - server.js loaded...
1.4.2024, 15:14:08 - INFO - Server is running on port: 3030
1.4.2024, 15:14:28 - INFO - server.js loaded...
1.4.2024, 15:14:29 - INFO - Server is running on port: 3030
1.4.2024, 15:14:35 - INFO - Req was made | /
1.4.2024, 15:14:35 - DEBUG - Getting Toys | {"txt":"","status":null,"labels":null}
1.4.2024, 15:14:56 - INFO - server.js loaded...
1.4.2024, 15:14:56 - INFO - Server is running on port: 3030
1.4.2024, 15:14:59 - DEBUG - Getting Toys | {"txt":"","status":null,"labels":null}
1.4.2024, 15:14:59 - INFO - Req was made | /
1.4.2024, 16:15:05 - INFO - server.js loaded...
1.4.2024, 16:15:05 - INFO - Server is running on port: 3030
1.4.2024, 16:15:20 - INFO - Req was made | /
1.4.2024, 16:15:20 - DEBUG - Getting Toys | {"txt":"","status":null,"labels":null}
1.4.2024, 16:19:12 - INFO - server.js loaded...
1.4.2024, 16:19:12 - INFO - Server is running on port: 3030
1.4.2024, 16:19:44 - INFO - server.js loaded...
1.4.2024, 16:19:44 - INFO - Server is running on port: 3030
1.4.2024, 16:20:52 - INFO - Req was made | /
1.4.2024, 16:20:52 - DEBUG - Getting Toys | {"txt":"","status":null,"labels":null}
1.4.2024, 16:21:12 - INFO - server.js loaded...
1.4.2024, 16:21:12 - INFO - Server is running on port: 3030
1.4.2024, 16:25:32 - INFO - server.js loaded...
1.4.2024, 16:25:32 - INFO - Server is running on port: 3030
1.4.2024, 16:25:37 - INFO - server.js loaded...
1.4.2024, 16:25:37 - INFO - Server is running on port: 3030
1.4.2024, 16:25:42 - DEBUG - Getting Toys | {"txt":"","status":null,"labels":null}
1.4.2024, 16:25:42 - INFO - Req was made | /
1.4.2024, 16:31:08 - INFO - Req was made | /
1.4.2024, 16:31:08 - DEBUG - Getting Toys | {"txt":"","status":null,"labels":null}
1.4.2024, 16:31:41 - INFO - Req was made | /
1.4.2024, 16:31:41 - DEBUG - Getting Toys | {"txt":"","status":null,"labels":null}
1.4.2024, 16:47:33 - INFO - Req was made | /
1.4.2024, 16:47:33 - DEBUG - Getting Toys | {"txt":"","status":null,"labels":null}
1.4.2024, 16:47:35 - INFO - Req was made | /
1.4.2024, 16:47:35 - DEBUG - Getting Toys | {"txt":"","status":null,"labels":null}
1.4.2024, 16:47:55 - DEBUG - Getting Toys | {"txt":"","status":null,"labels":null}
1.4.2024, 16:47:55 - INFO - Req was made | /
1.4.2024, 16:47:57 - INFO - Req was made | /
1.4.2024, 16:47:57 - DEBUG - Getting Toys | {"txt":"","status":null,"labels":null}
1.4.2024, 16:48:28 - DEBUG - Getting Toys | {"txt":"","status":null,"labels":null}
1.4.2024, 16:48:28 - INFO - Req was made | /
1.4.2024, 16:48:40 - INFO - Req was made | /
1.4.2024, 16:48:40 - DEBUG - Getting Toys | {"txt":"","status":null,"labels":null}
1.4.2024, 16:48:40 - INFO - Req was made | /
1.4.2024, 16:48:40 - DEBUG - Getting Toys | {"txt":"","status":null,"labels":null}
1.4.2024, 16:49:02 - INFO - Req was made | /
1.4.2024, 16:49:02 - DEBUG - Getting Toys | {"txt":"","status":null,"labels":null}
1.4.2024, 16:49:03 - INFO - Req was made | /
1.4.2024, 16:49:03 - DEBUG - Getting Toys | {"txt":"","status":null,"labels":null}
1.4.2024, 16:49:05 - INFO - Req was made | /
1.4.2024, 16:49:05 - DEBUG - Getting Toys | {"txt":"","status":null,"labels":null}
1.4.2024, 16:49:05 - DEBUG - Getting Toys | {"txt":"","status":null,"labels":null}
1.4.2024, 16:49:05 - INFO - Req was made | /
1.4.2024, 16:49:05 - INFO - Req was made | /
1.4.2024, 16:49:05 - DEBUG - Getting Toys | {"txt":"","status":null,"labels":null}
1.4.2024, 16:49:06 - INFO - Req was made | /
1.4.2024, 16:49:06 - DEBUG - Getting Toys | {"txt":"","status":null,"labels":null}
1.4.2024, 16:49:06 - DEBUG - Getting Toys | {"txt":"","status":null,"labels":null}
1.4.2024, 16:49:06 - INFO - Req was made | /
1.4.2024, 16:49:06 - INFO - Req was made | /
1.4.2024, 16:49:06 - DEBUG - Getting Toys | {"txt":"","status":null,"labels":null}
1.4.2024, 16:49:06 - DEBUG - Getting Toys | {"txt":"","status":null,"labels":null}
1.4.2024, 16:49:06 - INFO - Req was made | /
1.4.2024, 16:49:06 - INFO - Req was made | /
1.4.2024, 16:49:06 - DEBUG - Getting Toys | {"txt":"","status":null,"labels":null}
1.4.2024, 16:49:06 - INFO - Req was made | /
1.4.2024, 16:49:06 - DEBUG - Getting Toys | {"txt":"","status":null,"labels":null}
1.4.2024, 16:49:07 - INFO - Req was made | /
1.4.2024, 16:49:07 - DEBUG - Getting Toys | {"txt":"","status":null,"labels":null}
1.4.2024, 16:49:07 - INFO - Req was made | /
1.4.2024, 16:49:07 - DEBUG - Getting Toys | {"txt":"","status":null,"labels":null}
1.4.2024, 16:49:07 - INFO - Req was made | /
1.4.2024, 16:49:07 - DEBUG - Getting Toys | {"txt":"","status":null,"labels":null}
1.4.2024, 16:49:07 - INFO - Req was made | /
1.4.2024, 16:49:07 - DEBUG - Getting Toys | {"txt":"","status":null,"labels":null}
1.4.2024, 16:49:07 - INFO - Req was made | /
1.4.2024, 16:49:07 - DEBUG - Getting Toys | {"txt":"","status":null,"labels":null}
1.4.2024, 16:49:07 - INFO - Req was made | /
1.4.2024, 16:49:07 - DEBUG - Getting Toys | {"txt":"","status":null,"labels":null}
1.4.2024, 16:49:07 - DEBUG - Getting Toys | {"txt":"","status":null,"labels":null}
1.4.2024, 16:49:07 - INFO - Req was made | /
1.4.2024, 16:49:07 - DEBUG - Getting Toys | {"txt":"","status":null,"labels":null}
1.4.2024, 16:49:07 - INFO - Req was made | /
1.4.2024, 16:49:07 - INFO - Req was made | /
1.4.2024, 16:49:07 - DEBUG - Getting Toys | {"txt":"","status":null,"labels":null}
1.4.2024, 16:49:08 - DEBUG - Getting Toys | {"txt":"","status":null,"labels":null}
1.4.2024, 16:49:08 - INFO - Req was made | /
1.4.2024, 16:49:08 - INFO - Req was made | /
1.4.2024, 16:49:08 - DEBUG - Getting Toys | {"txt":"","status":null,"labels":null}
1.4.2024, 16:49:08 - INFO - Req was made | /
1.4.2024, 16:49:08 - DEBUG - Getting Toys | {"txt":"","status":null,"labels":null}
1.4.2024, 16:49:08 - INFO - Req was made | /
1.4.2024, 16:49:08 - DEBUG - Getting Toys | {"txt":"","status":null,"labels":null}
1.4.2024, 16:49:08 - INFO - Req was made | /
1.4.2024, 16:49:08 - DEBUG - Getting Toys | {"txt":"","status":null,"labels":null}
1.4.2024, 16:49:08 - DEBUG - Getting Toys | {"txt":"","status":null,"labels":null}
1.4.2024, 16:49:08 - INFO - Req was made | /
1.4.2024, 16:49:08 - INFO - Req was made | /
1.4.2024, 16:49:08 - DEBUG - Getting Toys | {"txt":"","status":null,"labels":null}
1.4.2024, 16:49:08 - INFO - Req was made | /
1.4.2024, 16:49:08 - DEBUG - Getting Toys | {"txt":"","status":null,"labels":null}
1.4.2024, 16:49:08 - INFO - Req was made | /
1.4.2024, 16:49:08 - DEBUG - Getting Toys | {"txt":"","status":null,"labels":null}
1.4.2024, 16:49:08 - INFO - Req was made | /
1.4.2024, 16:49:08 - DEBUG - Getting Toys | {"txt":"","status":null,"labels":null}
1.4.2024, 16:49:08 - DEBUG - Getting Toys | {"txt":"","status":null,"labels":null}
1.4.2024, 16:49:08 - INFO - Req was made | /
1.4.2024, 16:49:08 - INFO - Req was made | /
1.4.2024, 16:49:08 - DEBUG - Getting Toys | {"txt":"","status":null,"labels":null}
1.4.2024, 16:49:09 - DEBUG - Getting Toys | {"txt":"","status":null,"labels":null}
1.4.2024, 16:49:09 - INFO - Req was made | /
1.4.2024, 16:49:09 - DEBUG - Getting Toys | {"txt":"","status":null,"labels":null}
1.4.2024, 16:49:09 - INFO - Req was made | /
1.4.2024, 16:49:09 - INFO - Req was made | /
1.4.2024, 16:49:09 - DEBUG - Getting Toys | {"txt":"","status":null,"labels":null}
1.4.2024, 16:49:09 - INFO - Req was made | /
1.4.2024, 16:49:09 - DEBUG - Getting Toys | {"txt":"","status":null,"labels":null}
1.4.2024, 16:49:09 - DEBUG - Getting Toys | {"txt":"","status":null,"labels":null}
1.4.2024, 16:49:09 - INFO - Req was made | /
1.4.2024, 16:49:09 - INFO - Req was made | /
1.4.2024, 16:49:09 - DEBUG - Getting Toys | {"txt":"","status":null,"labels":null}
1.4.2024, 16:49:09 - INFO - Req was made | /
1.4.2024, 16:49:09 - DEBUG - Getting Toys | {"txt":"","status":null,"labels":null}
1.4.2024, 16:49:09 - DEBUG - Getting Toys | {"txt":"","status":null,"labels":null}
1.4.2024, 16:49:09 - INFO - Req was made | /
1.4.2024, 16:49:09 - INFO - Req was made | /
1.4.2024, 16:49:09 - DEBUG - Getting Toys | {"txt":"","status":null,"labels":null}
1.4.2024, 16:49:09 - INFO - Req was made | /
1.4.2024, 16:49:09 - DEBUG - Getting Toys | {"txt":"","status":null,"labels":null}
1.4.2024, 16:49:09 - INFO - Req was made | /
1.4.2024, 16:49:09 - DEBUG - Getting Toys | {"txt":"","status":null,"labels":null}
1.4.2024, 16:49:09 - INFO - Req was made | /
1.4.2024, 16:49:09 - DEBUG - Getting Toys | {"txt":"","status":null,"labels":null}
1.4.2024, 16:49:10 - INFO - Req was made | /
1.4.2024, 16:49:10 - DEBUG - Getting Toys | {"txt":"","status":null,"labels":null}
1.4.2024, 16:49:10 - DEBUG - Getting Toys | {"txt":"","status":null,"labels":null}
1.4.2024, 16:49:10 - INFO - Req was made | /
1.4.2024, 16:49:10 - DEBUG - Getting Toys | {"txt":"","status":null,"labels":null}
1.4.2024, 16:49:10 - INFO - Req was made | /
1.4.2024, 16:49:10 - DEBUG - Getting Toys | {"txt":"","status":null,"labels":null}
1.4.2024, 16:49:10 - INFO - Req was made | /
1.4.2024, 16:49:10 - DEBUG - Getting Toys | {"txt":"","status":null,"labels":null}
1.4.2024, 16:49:10 - INFO - Req was made | /
1.4.2024, 16:49:10 - INFO - Req was made | /
1.4.2024, 16:49:10 - DEBUG - Getting Toys | {"txt":"","status":null,"labels":null}
1.4.2024, 16:49:10 - INFO - Req was made | /
1.4.2024, 16:49:10 - DEBUG - Getting Toys | {"txt":"","status":null,"labels":null}
1.4.2024, 16:49:10 - INFO - Req was made | /
1.4.2024, 16:49:10 - DEBUG - Getting Toys | {"txt":"","status":null,"labels":null}
1.4.2024, 16:49:10 - INFO - Req was made | /
1.4.2024, 16:49:10 - DEBUG - Getting Toys | {"txt":"","status":null,"labels":null}
1.4.2024, 16:49:10 - INFO - Req was made | /
1.4.2024, 16:49:10 - DEBUG - Getting Toys | {"txt":"","status":null,"labels":null}
1.4.2024, 16:49:10 - DEBUG - Getting Toys | {"txt":"","status":null,"labels":null}
1.4.2024, 16:49:10 - INFO - Req was made | /
1.4.2024, 16:49:10 - INFO - Req was made | /
1.4.2024, 16:49:10 - DEBUG - Getting Toys | {"txt":"","status":null,"labels":null}
1.4.2024, 16:49:10 - INFO - Req was made | /
1.4.2024, 16:49:10 - DEBUG - Getting Toys | {"txt":"","status":null,"labels":null}
1.4.2024, 16:49:10 - INFO - Req was made | /
1.4.2024, 16:49:10 - DEBUG - Getting Toys | {"txt":"","status":null,"labels":null}
1.4.2024, 16:49:10 - INFO - Req was made | /
1.4.2024, 16:49:10 - DEBUG - Getting Toys | {"txt":"","status":null,"labels":null}
1.4.2024, 16:49:10 - DEBUG - Getting Toys | {"txt":"","status":null,"labels":null}
1.4.2024, 16:49:10 - INFO - Req was made | /
1.4.2024, 16:49:10 - INFO - Req was made | /
1.4.2024, 16:49:10 - DEBUG - Getting Toys | {"txt":"","status":null,"labels":null}
1.4.2024, 16:49:10 - INFO - Req was made | /
1.4.2024, 16:49:10 - DEBUG - Getting Toys | {"txt":"","status":null,"labels":null}
1.4.2024, 16:49:11 - INFO - Req was made | /
1.4.2024, 16:49:11 - DEBUG - Getting Toys | {"txt":"","status":null,"labels":null}
1.4.2024, 16:49:12 - INFO - Req was made | /
1.4.2024, 16:49:12 - DEBUG - Getting Toys | {"txt":"","status":null,"labels":null}
1.4.2024, 16:49:16 - INFO - Req was made | /
1.4.2024, 16:49:16 - DEBUG - Getting Toys | {"txt":"","status":null,"labels":null}
1.4.2024, 16:49:16 - INFO - Req was made | /
1.4.2024, 16:49:16 - DEBUG - Getting Toys | {"txt":"","status":null,"labels":null}
1.4.2024, 16:49:16 - INFO - Req was made | /
1.4.2024, 16:49:16 - DEBUG - Getting Toys | {"txt":"","status":null,"labels":null}
1.4.2024, 16:49:16 - DEBUG - Getting Toys | {"txt":"","status":null,"labels":null}
1.4.2024, 16:49:16 - INFO - Req was made | /
1.4.2024, 16:49:17 - INFO - Req was made | /
1.4.2024, 16:49:17 - DEBUG - Getting Toys | {"txt":"","status":null,"labels":null}
1.4.2024, 16:49:17 - DEBUG - Getting Toys | {"txt":"","status":null,"labels":null}
1.4.2024, 16:49:17 - INFO - Req was made | /
1.4.2024, 16:49:17 - INFO - Req was made | /
1.4.2024, 16:49:17 - DEBUG - Getting Toys | {"txt":"","status":null,"labels":null}
1.4.2024, 16:49:17 - INFO - Req was made | /
1.4.2024, 16:49:17 - DEBUG - Getting Toys | {"txt":"","status":null,"labels":null}
1.4.2024, 16:49:17 - INFO - Req was made | /
1.4.2024, 16:49:17 - DEBUG - Getting Toys | {"txt":"","status":null,"labels":null}
1.4.2024, 16:49:18 - DEBUG - Getting Toys | {"txt":"","status":null,"labels":null}
1.4.2024, 16:49:18 - INFO - Req was made | /
1.4.2024, 16:49:19 - INFO - Req was made | /
1.4.2024, 16:49:19 - DEBUG - Getting Toys | {"txt":"","status":null,"labels":null}
1.4.2024, 16:49:19 - INFO - Req was made | /
1.4.2024, 16:49:19 - DEBUG - Getting Toys | {"txt":"","status":null,"labels":null}
1.4.2024, 16:49:19 - INFO - Req was made | /
1.4.2024, 16:49:19 - DEBUG - Getting Toys | {"txt":"","status":null,"labels":null}
1.4.2024, 16:49:20 - INFO - Req was made | /
1.4.2024, 16:49:20 - DEBUG - Getting Toys | {"txt":"","status":null,"labels":null}
1.4.2024, 16:49:20 - INFO - Req was made | /
1.4.2024, 16:49:20 - DEBUG - Getting Toys | {"txt":"","status":null,"labels":null}
1.4.2024, 16:49:23 - INFO - Req was made | /
1.4.2024, 16:49:23 - DEBUG - Getting Toys | {"txt":"","status":null,"labels":null}
1.4.2024, 16:49:24 - INFO - Req was made | /
1.4.2024, 16:49:24 - DEBUG - Getting Toys | {"txt":"","status":null,"labels":null}
1.4.2024, 16:49:25 - INFO - Req was made | /
1.4.2024, 16:49:25 - DEBUG - Getting Toys | {"txt":"","status":null,"labels":null}
1.4.2024, 16:49:28 - DEBUG - Getting Toys | {"txt":"","status":"true","labels":null}
1.4.2024, 16:49:28 - INFO - Req was made | /
1.4.2024, 16:49:29 - DEBUG - Getting Toys | {"txt":"","status":"false","labels":null}
1.4.2024, 16:49:29 - INFO - Req was made | /
1.4.2024, 16:49:31 - INFO - Req was made | /
1.4.2024, 16:49:31 - DEBUG - Getting Toys | {"txt":"","status":null,"labels":null}
1.4.2024, 16:49:33 - DEBUG - Getting Toys | {"txt":"","status":null,"labels":null}
1.4.2024, 16:49:33 - INFO - Req was made | /
1.4.2024, 16:49:35 - DEBUG - Getting Toys | {"txt":"","status":null,"labels":null}
1.4.2024, 16:49:35 - INFO - Req was made | /
1.4.2024, 16:49:36 - INFO - Req was made | /
1.4.2024, 16:49:36 - DEBUG - Getting Toys | {"txt":"","status":null,"labels":null}
1.4.2024, 16:49:37 - INFO - Req was made | /
1.4.2024, 16:49:37 - DEBUG - Getting Toys | {"txt":"","status":null,"labels":null}
1.4.2024, 16:49:37 - DEBUG - Getting Toys | {"txt":"","status":null,"labels":null}
1.4.2024, 16:49:37 - INFO - Req was made | /
1.4.2024, 16:49:38 - INFO - Req was made | /
1.4.2024, 16:49:38 - DEBUG - Getting Toys | {"txt":"","status":null,"labels":null}
1.4.2024, 16:49:39 - DEBUG - Getting Toys | {"txt":"","status":null,"labels":null}
1.4.2024, 16:49:39 - INFO - Req was made | /
1.4.2024, 16:49:39 - INFO - Req was made | /
1.4.2024, 16:49:39 - DEBUG - Getting Toys | {"txt":"","status":null,"labels":null}
1.4.2024, 16:49:39 - INFO - Req was made | /
1.4.2024, 16:49:39 - DEBUG - Getting Toys | {"txt":"","status":null,"labels":null}
1.4.2024, 16:49:40 - DEBUG - Getting Toys | {"txt":"","status":null,"labels":null}
1.4.2024, 16:49:40 - INFO - Req was made | /
1.4.2024, 16:49:40 - INFO - Req was made | /
1.4.2024, 16:49:40 - DEBUG - Getting Toys | {"txt":"","status":null,"labels":null}
1.4.2024, 16:49:40 - INFO - Req was made | /
1.4.2024, 16:49:40 - DEBUG - Getting Toys | {"txt":"","status":null,"labels":null}
1.4.2024, 16:54:51 - INFO - Req was made | /
1.4.2024, 16:54:51 - DEBUG - Getting Toys | {"txt":"","status":null,"labels":null}
1.4.2024, 16:54:51 - INFO - Req was made | /
1.4.2024, 16:54:51 - DEBUG - Getting Toys | {"txt":"","status":null,"labels":null}
1.4.2024, 16:54:52 - INFO - Req was made | /
1.4.2024, 16:54:52 - DEBUG - Getting Toys | {"txt":"","status":null,"labels":null}
1.4.2024, 16:55:20 - INFO - Req was made | /
1.4.2024, 16:55:20 - DEBUG - Getting Toys | {"txt":"","status":null,"labels":null}
1.4.2024, 16:55:34 - INFO - server.js loaded...
1.4.2024, 16:55:34 - INFO - Server is running on port: 3030
1.4.2024, 16:55:40 - INFO - server.js loaded...
1.4.2024, 16:55:40 - INFO - Server is running on port: 3030
1.4.2024, 16:55:51 - INFO - Req was made | /
1.4.2024, 16:55:51 - DEBUG - Getting Toys | {"txt":"","status":null,"labels":null}
1.4.2024, 16:55:51 - ERROR - Failed to get toys | TypeError: collection.find(...).toArray(...).sort is not a function
1.4.2024, 16:55:51 - ERROR - cannot find toys | TypeError: collection.find(...).toArray(...).sort is not a function
1.4.2024, 16:55:57 - INFO - Req was made | /
1.4.2024, 16:55:57 - ERROR - cannot find toys | TypeError: collection.find(...).toArray(...).sort is not a function
1.4.2024, 16:55:57 - ERROR - Failed to get toys | TypeError: collection.find(...).toArray(...).sort is not a function
1.4.2024, 16:55:57 - DEBUG - Getting Toys | {"txt":"","status":null,"labels":null}
1.4.2024, 16:55:58 - DEBUG - Getting Toys | {"txt":"","status":null,"labels":null}
1.4.2024, 16:55:58 - ERROR - cannot find toys | TypeError: collection.find(...).toArray(...).sort is not a function
1.4.2024, 16:55:58 - ERROR - Failed to get toys | TypeError: collection.find(...).toArray(...).sort is not a function
1.4.2024, 16:55:58 - INFO - Req was made | /
1.4.2024, 16:55:59 - INFO - Req was made | /
1.4.2024, 16:55:59 - DEBUG - Getting Toys | {"txt":"","status":null,"labels":null}
1.4.2024, 16:55:59 - ERROR - cannot find toys | TypeError: collection.find(...).toArray(...).sort is not a function
1.4.2024, 16:55:59 - ERROR - Failed to get toys | TypeError: collection.find(...).toArray(...).sort is not a function
1.4.2024, 16:56:01 - INFO - Req was made | /
1.4.2024, 16:56:01 - DEBUG - Getting Toys | {"txt":"","status":null,"labels":null}
1.4.2024, 16:56:01 - ERROR - cannot find toys | TypeError: collection.find(...).toArray(...).sort is not a function
1.4.2024, 16:56:01 - ERROR - Failed to get toys | TypeError: collection.find(...).toArray(...).sort is not a function
1.4.2024, 16:56:01 - INFO - Req was made | /
1.4.2024, 16:56:01 - ERROR - cannot find toys | TypeError: collection.find(...).toArray(...).sort is not a function
1.4.2024, 16:56:01 - DEBUG - Getting Toys | {"txt":"","status":null,"labels":null}
1.4.2024, 16:56:01 - ERROR - Failed to get toys | TypeError: collection.find(...).toArray(...).sort is not a function
1.4.2024, 16:56:01 - DEBUG - Getting Toys | {"txt":"","status":null,"labels":null}
1.4.2024, 16:56:01 - ERROR - Failed to get toys | TypeError: collection.find(...).toArray(...).sort is not a function
1.4.2024, 16:56:01 - ERROR - cannot find toys | TypeError: collection.find(...).toArray(...).sort is not a function
1.4.2024, 16:56:01 - INFO - Req was made | /
1.4.2024, 16:56:01 - INFO - Req was made | /
1.4.2024, 16:56:01 - DEBUG - Getting Toys | {"txt":"","status":null,"labels":null}
1.4.2024, 16:56:01 - ERROR - Failed to get toys | TypeError: collection.find(...).toArray(...).sort is not a function
1.4.2024, 16:56:01 - ERROR - cannot find toys | TypeError: collection.find(...).toArray(...).sort is not a function
1.4.2024, 16:56:19 - DEBUG - Getting Toys | {"txt":"","status":null,"labels":null}
1.4.2024, 16:56:19 - INFO - Req was made | /
1.4.2024, 16:56:19 - ERROR - Failed to get toys | TypeError: collection.find(...).toArray(...).sort is not a function
1.4.2024, 16:56:19 - ERROR - cannot find toys | TypeError: collection.find(...).toArray(...).sort is not a function
1.4.2024, 16:56:19 - INFO - Req was made | /
1.4.2024, 16:56:19 - DEBUG - Getting Toys | {"txt":"","status":null,"labels":null}
1.4.2024, 16:56:19 - ERROR - cannot find toys | TypeError: collection.find(...).toArray(...).sort is not a function
1.4.2024, 16:56:19 - ERROR - Failed to get toys | TypeError: collection.find(...).toArray(...).sort is not a function
1.4.2024, 16:56:26 - DEBUG - Getting Toys | {"txt":"","status":null,"labels":null}
1.4.2024, 16:56:26 - ERROR - Failed to get toys | TypeError: collection.find(...).toArray(...).sort is not a function
1.4.2024, 16:56:26 - ERROR - cannot find toys | TypeError: collection.find(...).toArray(...).sort is not a function
1.4.2024, 16:56:26 - INFO - Req was made | /
1.4.2024, 16:56:27 - INFO - Req was made | /
1.4.2024, 16:56:27 - DEBUG - Getting Toys | {"txt":"","status":null,"labels":null}
1.4.2024, 16:56:27 - ERROR - cannot find toys | TypeError: collection.find(...).toArray(...).sort is not a function
1.4.2024, 16:56:27 - ERROR - Failed to get toys | TypeError: collection.find(...).toArray(...).sort is not a function
1.4.2024, 16:56:29 - INFO - Req was made | /
1.4.2024, 16:56:29 - DEBUG - Getting Toys | {"txt":"","status":null,"labels":null}
1.4.2024, 16:56:29 - ERROR - Failed to get toys | TypeError: collection.find(...).toArray(...).sort is not a function
1.4.2024, 16:56:29 - ERROR - cannot find toys | TypeError: collection.find(...).toArray(...).sort is not a function
1.4.2024, 16:56:29 - INFO - Req was made | /
1.4.2024, 16:56:29 - DEBUG - Getting Toys | {"txt":"","status":null,"labels":null}
1.4.2024, 16:56:29 - ERROR - Failed to get toys | TypeError: collection.find(...).toArray(...).sort is not a function
1.4.2024, 16:56:29 - ERROR - cannot find toys | TypeError: collection.find(...).toArray(...).sort is not a function
1.4.2024, 16:56:32 - INFO - Req was made | /
1.4.2024, 16:56:32 - DEBUG - Getting Toys | {"txt":"","status":null,"labels":null}
1.4.2024, 16:56:32 - ERROR - Failed to get toys | TypeError: collection.find(...).toArray(...).sort is not a function
1.4.2024, 16:56:32 - ERROR - cannot find toys | TypeError: collection.find(...).toArray(...).sort is not a function
1.4.2024, 16:56:32 - INFO - Req was made | /
1.4.2024, 16:56:32 - DEBUG - Getting Toys | {"txt":"","status":null,"labels":null}
1.4.2024, 16:56:32 - ERROR - Failed to get toys | TypeError: collection.find(...).toArray(...).sort is not a function
1.4.2024, 16:56:32 - ERROR - cannot find toys | TypeError: collection.find(...).toArray(...).sort is not a function
1.4.2024, 16:56:33 - INFO - Req was made | /
1.4.2024, 16:56:33 - ERROR - cannot find toys | TypeError: collection.find(...).toArray(...).sort is not a function
1.4.2024, 16:56:33 - DEBUG - Getting Toys | {"txt":"","status":null,"labels":null}
1.4.2024, 16:56:33 - ERROR - Failed to get toys | TypeError: collection.find(...).toArray(...).sort is not a function
1.4.2024, 16:56:37 - DEBUG - Getting Toys | {"txt":"","status":"true","labels":null}
1.4.2024, 16:56:37 - ERROR - cannot find toys | TypeError: collection.find(...).toArray(...).sort is not a function
1.4.2024, 16:56:37 - ERROR - Failed to get toys | TypeError: collection.find(...).toArray(...).sort is not a function
1.4.2024, 16:56:37 - INFO - Req was made | /
1.4.2024, 17:13:17 - INFO - Req was made | /
1.4.2024, 17:13:17 - ERROR - cannot find toys | TypeError: collection.find(...).toArray(...).sort is not a function
1.4.2024, 17:13:17 - DEBUG - Getting Toys | {"txt":"","status":"true","labels":null}
1.4.2024, 17:13:17 - ERROR - Failed to get toys | TypeError: collection.find(...).toArray(...).sort is not a function
1.4.2024, 17:14:14 - DEBUG - Getting Toys | {"txt":"","status":"true","labels":null}
1.4.2024, 17:14:14 - INFO - Req was made | /
1.4.2024, 17:14:14 - ERROR - cannot find toys | TypeError: collection.find(...).toArray(...).sort is not a function
1.4.2024, 17:14:14 - ERROR - Failed to get toys | TypeError: collection.find(...).toArray(...).sort is not a function
1.4.2024, 17:14:27 - INFO - Req was made | /
1.4.2024, 17:14:27 - DEBUG - Getting Toys | {"txt":"","status":null,"labels":null}
1.4.2024, 17:14:27 - ERROR - cannot find toys | TypeError: collection.find(...).toArray(...).sort is not a function
1.4.2024, 17:14:27 - ERROR - Failed to get toys | TypeError: collection.find(...).toArray(...).sort is not a function
1.4.2024, 17:14:27 - INFO - Req was made | /
1.4.2024, 17:14:27 - DEBUG - Getting Toys | {"txt":"","status":null,"labels":null}
1.4.2024, 17:14:27 - ERROR - cannot find toys | TypeError: collection.find(...).toArray(...).sort is not a function
1.4.2024, 17:14:27 - ERROR - Failed to get toys | TypeError: collection.find(...).toArray(...).sort is not a function
1.4.2024, 17:41:27 - INFO - server.js loaded...
1.4.2024, 17:41:27 - INFO - Server is running on port: 3030
1.4.2024, 17:42:38 - INFO - server.js loaded...
1.4.2024, 17:42:38 - INFO - Server is running on port: 3030
1.4.2024, 17:42:40 - DEBUG - Getting Toys | {"txt":"","status":null,"labels":null}
1.4.2024, 17:42:40 - INFO - Req was made | /
1.4.2024, 17:42:40 - ERROR - cannot find toys | TypeError: collection.find(...).toArray(...).sort is not a function
1.4.2024, 17:42:40 - ERROR - Failed to get toys | TypeError: collection.find(...).toArray(...).sort is not a function
1.4.2024, 17:42:40 - INFO - Req was made | /
1.4.2024, 17:42:40 - ERROR - cannot find toys | TypeError: collection.find(...).toArray(...).sort is not a function
1.4.2024, 17:42:40 - ERROR - Failed to get toys | TypeError: collection.find(...).toArray(...).sort is not a function
1.4.2024, 17:42:40 - DEBUG - Getting Toys | {"txt":"","status":null,"labels":null}
1.4.2024, 17:42:45 - INFO - Req was made | /
1.4.2024, 17:42:45 - ERROR - Failed to get toys | TypeError: collection.find(...).toArray(...).sort is not a function
1.4.2024, 17:42:45 - DEBUG - Getting Toys | {"txt":"","status":null,"labels":null}
1.4.2024, 17:42:45 - ERROR - cannot find toys | TypeError: collection.find(...).toArray(...).sort is not a function
1.4.2024, 17:42:45 - DEBUG - Getting Toys | {"txt":"","status":null,"labels":null}
1.4.2024, 17:42:45 - ERROR - cannot find toys | TypeError: collection.find(...).toArray(...).sort is not a function
1.4.2024, 17:42:45 - INFO - Req was made | /
1.4.2024, 17:42:45 - ERROR - Failed to get toys | TypeError: collection.find(...).toArray(...).sort is not a function
1.4.2024, 17:48:12 - INFO - Server is running on port: 3030
1.4.2024, 17:48:12 - INFO - server.js loaded...
1.4.2024, 17:48:22 - INFO - Server is running on port: 3030
1.4.2024, 17:48:22 - INFO - server.js loaded...
1.4.2024, 17:48:52 - INFO - server.js loaded...
1.4.2024, 17:48:52 - INFO - Server is running on port: 3030
1.4.2024, 17:49:20 - INFO - server.js loaded...
1.4.2024, 17:49:20 - INFO - Server is running on port: 3030
1.4.2024, 17:49:25 - DEBUG - Getting Toys | {"txt":"","status":null,"labels":null}
1.4.2024, 17:49:25 - INFO - Req was made | /
1.4.2024, 17:49:26 - ERROR - cannot find toys | TypeError: collection.find(...).toArray(...).sort is not a function
1.4.2024, 17:49:26 - ERROR - Failed to get toys | TypeError: collection.find(...).toArray(...).sort is not a function
1.4.2024, 17:49:26 - ERROR - cannot find toys | TypeError: collection.find(...).toArray(...).sort is not a function
1.4.2024, 17:49:26 - ERROR - Failed to get toys | TypeError: collection.find(...).toArray(...).sort is not a function
1.4.2024, 17:49:26 - DEBUG - Getting Toys | {"txt":"","status":null,"labels":null}
1.4.2024, 17:49:26 - INFO - Req was made | /
1.4.2024, 17:50:02 - INFO - server.js loaded...
1.4.2024, 17:50:02 - INFO - Server is running on port: 3030
1.4.2024, 17:50:08 - DEBUG - Getting Toys | {"txt":"","status":null,"labels":null}
1.4.2024, 17:50:08 - INFO - Req was made | /
1.4.2024, 17:50:08 - ERROR - Failed to get toys | TypeError: collection.find(...).toArray(...).sort is not a function
1.4.2024, 17:50:08 - ERROR - cannot find toys | TypeError: collection.find(...).toArray(...).sort is not a function
1.4.2024, 17:50:08 - INFO - Req was made | /
1.4.2024, 17:50:08 - DEBUG - Getting Toys | {"txt":"","status":null,"labels":null}
1.4.2024, 17:50:08 - ERROR - cannot find toys | TypeError: collection.find(...).toArray(...).sort is not a function
1.4.2024, 17:50:08 - ERROR - Failed to get toys | TypeError: collection.find(...).toArray(...).sort is not a function
1.4.2024, 17:51:05 - INFO - Req was made | /
1.4.2024, 17:51:05 - DEBUG - Getting Toys | {"txt":"","status":null,"labels":null}
1.4.2024, 17:51:05 - ERROR - cannot find toys | TypeError: collection.find(...).toArray(...).sort is not a function
1.4.2024, 17:51:05 - ERROR - Failed to get toys | TypeError: collection.find(...).toArray(...).sort is not a function
1.4.2024, 17:51:31 - INFO - Req was made | /
1.4.2024, 17:51:31 - DEBUG - Getting Toys | {"txt":"","status":null,"labels":null}
1.4.2024, 17:51:31 - ERROR - cannot find toys | TypeError: collection.find(...).toArray(...).sort is not a function
1.4.2024, 17:51:31 - ERROR - Failed to get toys | TypeError: collection.find(...).toArray(...).sort is not a function
1.4.2024, 17:51:56 - DEBUG - Getting Toys | {"txt":"","status":null,"labels":null}
1.4.2024, 17:51:56 - INFO - Req was made | /
1.4.2024, 17:51:56 - ERROR - Failed to get toys | TypeError: collection.find(...).toArray(...).sort is not a function
1.4.2024, 17:51:56 - ERROR - cannot find toys | TypeError: collection.find(...).toArray(...).sort is not a function
1.4.2024, 17:52:36 - INFO - server.js loaded...
1.4.2024, 17:52:36 - INFO - Server is running on port: 3030
1.4.2024, 17:52:43 - INFO - Req was made | /
1.4.2024, 17:52:43 - DEBUG - Getting Toys | {"txt":"","status":null,"labels":null}
1.4.2024, 17:52:43 - ERROR - Failed to get toys | TypeError: collection.find(...).toArray(...).sort is not a function
1.4.2024, 17:52:43 - ERROR - cannot find toys | TypeError: collection.find(...).toArray(...).sort is not a function
1.4.2024, 17:52:43 - ERROR - cannot find toys | TypeError: collection.find(...).toArray(...).sort is not a function
1.4.2024, 17:52:43 - ERROR - Failed to get toys | TypeError: collection.find(...).toArray(...).sort is not a function
1.4.2024, 17:52:43 - INFO - Req was made | /
1.4.2024, 17:52:43 - DEBUG - Getting Toys | {"txt":"","status":null,"labels":null}
1.4.2024, 17:54:19 - INFO - Req was made | /
1.4.2024, 17:54:19 - DEBUG - Getting Toys | {"txt":"","status":null,"labels":null}
1.4.2024, 17:54:19 - ERROR - cannot find toys | TypeError: collection.find(...).toArray(...).sort is not a function
1.4.2024, 17:54:19 - ERROR - Failed to get toys | TypeError: collection.find(...).toArray(...).sort is not a function
1.4.2024, 18:02:00 - INFO - Req was made | /
1.4.2024, 18:02:00 - DEBUG - Getting Toys | {"txt":"","status":null,"labels":null}
1.4.2024, 18:02:00 - ERROR - Failed to get toys | TypeError: collection.find(...).toArray(...).sort is not a function
1.4.2024, 18:02:00 - ERROR - cannot find toys | TypeError: collection.find(...).toArray(...).sort is not a function
1.4.2024, 18:02:01 - INFO - Req was made | /
1.4.2024, 18:02:01 - DEBUG - Getting Toys | {"txt":"","status":null,"labels":null}
1.4.2024, 18:02:01 - ERROR - cannot find toys | TypeError: collection.find(...).toArray(...).sort is not a function
1.4.2024, 18:02:01 - ERROR - Failed to get toys | TypeError: collection.find(...).toArray(...).sort is not a function
1.4.2024, 18:02:01 - INFO - Req was made | /
1.4.2024, 18:02:01 - DEBUG - Getting Toys | {"txt":"","status":null,"labels":null}
1.4.2024, 18:02:01 - ERROR - cannot find toys | TypeError: collection.find(...).toArray(...).sort is not a function
1.4.2024, 18:02:01 - ERROR - Failed to get toys | TypeError: collection.find(...).toArray(...).sort is not a function
1.4.2024, 18:02:04 - INFO - Req was made | /
1.4.2024, 18:02:04 - ERROR - cannot find toys | TypeError: collection.find(...).toArray(...).sort is not a function
1.4.2024, 18:02:04 - DEBUG - Getting Toys | {"txt":"","status":null,"labels":null}
1.4.2024, 18:02:04 - ERROR - Failed to get toys | TypeError: collection.find(...).toArray(...).sort is not a function
1.4.2024, 18:02:04 - DEBUG - Getting Toys | {"txt":"","status":null,"labels":null}
1.4.2024, 18:02:04 - INFO - Req was made | /
1.4.2024, 18:02:04 - ERROR - cannot find toys | TypeError: collection.find(...).toArray(...).sort is not a function
1.4.2024, 18:02:04 - ERROR - Failed to get toys | TypeError: collection.find(...).toArray(...).sort is not a function
1.4.2024, 18:02:05 - INFO - Req was made | /
1.4.2024, 18:02:05 - DEBUG - Getting Toys | {"txt":"","status":null,"labels":null}
1.4.2024, 18:02:05 - ERROR - Failed to get toys | TypeError: collection.find(...).toArray(...).sort is not a function
1.4.2024, 18:02:05 - ERROR - cannot find toys | TypeError: collection.find(...).toArray(...).sort is not a function
1.4.2024, 18:02:05 - INFO - Req was made | /
1.4.2024, 18:02:05 - ERROR - cannot find toys | TypeError: collection.find(...).toArray(...).sort is not a function
1.4.2024, 18:02:05 - DEBUG - Getting Toys | {"txt":"","status":null,"labels":null}
1.4.2024, 18:02:05 - ERROR - Failed to get toys | TypeError: collection.find(...).toArray(...).sort is not a function
1.4.2024, 18:02:05 - DEBUG - Getting Toys | {"txt":"","status":null,"labels":null}
1.4.2024, 18:02:05 - ERROR - cannot find toys | TypeError: collection.find(...).toArray(...).sort is not a function
1.4.2024, 18:02:05 - INFO - Req was made | /
1.4.2024, 18:02:05 - ERROR - Failed to get toys | TypeError: collection.find(...).toArray(...).sort is not a function
1.4.2024, 18:02:05 - DEBUG - Getting Toys | {"txt":"","status":null,"labels":null}
1.4.2024, 18:02:05 - ERROR - cannot find toys | TypeError: collection.find(...).toArray(...).sort is not a function
1.4.2024, 18:02:05 - ERROR - Failed to get toys | TypeError: collection.find(...).toArray(...).sort is not a function
1.4.2024, 18:02:05 - INFO - Req was made | /
1.4.2024, 18:02:05 - INFO - Req was made | /
1.4.2024, 18:02:05 - DEBUG - Getting Toys | {"txt":"","status":null,"labels":null}
1.4.2024, 18:02:05 - ERROR - Failed to get toys | TypeError: collection.find(...).toArray(...).sort is not a function
1.4.2024, 18:02:05 - ERROR - cannot find toys | TypeError: collection.find(...).toArray(...).sort is not a function
1.4.2024, 18:02:05 - INFO - Req was made | /
1.4.2024, 18:02:05 - DEBUG - Getting Toys | {"txt":"","status":null,"labels":null}
1.4.2024, 18:02:05 - ERROR - cannot find toys | TypeError: collection.find(...).toArray(...).sort is not a function
1.4.2024, 18:02:05 - ERROR - Failed to get toys | TypeError: collection.find(...).toArray(...).sort is not a function
1.4.2024, 18:02:06 - INFO - Req was made | /
1.4.2024, 18:02:06 - ERROR - cannot find toys | TypeError: collection.find(...).toArray(...).sort is not a function
1.4.2024, 18:02:06 - ERROR - Failed to get toys | TypeError: collection.find(...).toArray(...).sort is not a function
1.4.2024, 18:02:06 - DEBUG - Getting Toys | {"txt":"","status":null,"labels":null}
1.4.2024, 18:02:06 - INFO - Req was made | /
1.4.2024, 18:02:07 - DEBUG - Getting Toys | {"txt":"","status":null,"labels":null}
1.4.2024, 18:02:07 - ERROR - cannot find toys | TypeError: collection.find(...).toArray(...).sort is not a function
1.4.2024, 18:02:07 - ERROR - Failed to get toys | TypeError: collection.find(...).toArray(...).sort is not a function
1.4.2024, 18:02:07 - ERROR - cannot find toys | TypeError: collection.find(...).toArray(...).sort is not a function
1.4.2024, 18:02:07 - INFO - Req was made | /
1.4.2024, 18:02:07 - ERROR - Failed to get toys | TypeError: collection.find(...).toArray(...).sort is not a function
1.4.2024, 18:02:07 - DEBUG - Getting Toys | {"txt":"","status":null,"labels":null}
1.4.2024, 18:02:08 - INFO - Req was made | /
1.4.2024, 18:02:08 - ERROR - Failed to get toys | TypeError: collection.find(...).toArray(...).sort is not a function
1.4.2024, 18:02:08 - ERROR - cannot find toys | TypeError: collection.find(...).toArray(...).sort is not a function
1.4.2024, 18:02:08 - DEBUG - Getting Toys | {"txt":"","status":null,"labels":null}
1.4.2024, 18:02:09 - DEBUG - Getting Toys | {"txt":"","status":null,"labels":null}
1.4.2024, 18:02:09 - INFO - Req was made | /
1.4.2024, 18:02:09 - ERROR - cannot find toys | TypeError: collection.find(...).toArray(...).sort is not a function
1.4.2024, 18:02:09 - ERROR - Failed to get toys | TypeError: collection.find(...).toArray(...).sort is not a function
1.4.2024, 18:02:09 - DEBUG - Getting Toys | {"txt":"","status":null,"labels":null}
1.4.2024, 18:02:09 - ERROR - cannot find toys | TypeError: collection.find(...).toArray(...).sort is not a function
1.4.2024, 18:02:09 - ERROR - Failed to get toys | TypeError: collection.find(...).toArray(...).sort is not a function
1.4.2024, 18:02:09 - INFO - Req was made | /
1.4.2024, 18:02:09 - DEBUG - Getting Toys | {"txt":"","status":null,"labels":null}
1.4.2024, 18:02:09 - ERROR - Failed to get toys | TypeError: collection.find(...).toArray(...).sort is not a function
1.4.2024, 18:02:09 - ERROR - cannot find toys | TypeError: collection.find(...).toArray(...).sort is not a function
1.4.2024, 18:02:09 - INFO - Req was made | /
1.4.2024, 18:02:09 - INFO - Req was made | /
1.4.2024, 18:02:09 - DEBUG - Getting Toys | {"txt":"","status":null,"labels":null}
1.4.2024, 18:02:09 - ERROR - Failed to get toys | TypeError: collection.find(...).toArray(...).sort is not a function
1.4.2024, 18:02:09 - ERROR - cannot find toys | TypeError: collection.find(...).toArray(...).sort is not a function
1.4.2024, 18:02:09 - DEBUG - Getting Toys | {"txt":"","status":null,"labels":null}
1.4.2024, 18:02:09 - ERROR - cannot find toys | TypeError: collection.find(...).toArray(...).sort is not a function
1.4.2024, 18:02:09 - INFO - Req was made | /
1.4.2024, 18:02:09 - ERROR - Failed to get toys | TypeError: collection.find(...).toArray(...).sort is not a function
1.4.2024, 18:02:09 - INFO - Req was made | /
1.4.2024, 18:02:09 - DEBUG - Getting Toys | {"txt":"","status":null,"labels":null}
1.4.2024, 18:02:09 - ERROR - cannot find toys | TypeError: collection.find(...).toArray(...).sort is not a function
1.4.2024, 18:02:09 - ERROR - Failed to get toys | TypeError: collection.find(...).toArray(...).sort is not a function
1.4.2024, 18:02:09 - INFO - Req was made | /
1.4.2024, 18:02:09 - DEBUG - Getting Toys | {"txt":"","status":null,"labels":null}
1.4.2024, 18:02:09 - ERROR - cannot find toys | TypeError: collection.find(...).toArray(...).sort is not a function
1.4.2024, 18:02:09 - ERROR - Failed to get toys | TypeError: collection.find(...).toArray(...).sort is not a function
1.4.2024, 18:02:09 - INFO - Req was made | /
1.4.2024, 18:02:09 - DEBUG - Getting Toys | {"txt":"","status":null,"labels":null}
1.4.2024, 18:02:09 - ERROR - cannot find toys | TypeError: collection.find(...).toArray(...).sort is not a function
1.4.2024, 18:02:09 - ERROR - Failed to get toys | TypeError: collection.find(...).toArray(...).sort is not a function
1.4.2024, 18:02:09 - INFO - Req was made | /
1.4.2024, 18:02:09 - DEBUG - Getting Toys | {"txt":"","status":null,"labels":null}
1.4.2024, 18:02:09 - ERROR - cannot find toys | TypeError: collection.find(...).toArray(...).sort is not a function
1.4.2024, 18:02:09 - DEBUG - Getting Toys | {"txt":"","status":null,"labels":null}
1.4.2024, 18:02:09 - ERROR - Failed to get toys | TypeError: collection.find(...).toArray(...).sort is not a function
1.4.2024, 18:02:09 - INFO - Req was made | /
1.4.2024, 18:02:09 - ERROR - cannot find toys | TypeError: collection.find(...).toArray(...).sort is not a function
1.4.2024, 18:02:09 - ERROR - Failed to get toys | TypeError: collection.find(...).toArray(...).sort is not a function
1.4.2024, 18:02:09 - INFO - Req was made | /
1.4.2024, 18:02:09 - DEBUG - Getting Toys | {"txt":"","status":null,"labels":null}
1.4.2024, 18:02:09 - INFO - Req was made | /
1.4.2024, 18:02:09 - DEBUG - Getting Toys | {"txt":"","status":null,"labels":null}
1.4.2024, 18:02:09 - ERROR - cannot find toys | TypeError: collection.find(...).toArray(...).sort is not a function
1.4.2024, 18:02:09 - ERROR - Failed to get toys | TypeError: collection.find(...).toArray(...).sort is not a function
1.4.2024, 18:02:09 - ERROR - cannot find toys | TypeError: collection.find(...).toArray(...).sort is not a function
1.4.2024, 18:02:09 - ERROR - Failed to get toys | TypeError: collection.find(...).toArray(...).sort is not a function
1.4.2024, 18:02:09 - INFO - Req was made | /
1.4.2024, 18:02:09 - DEBUG - Getting Toys | {"txt":"","status":null,"labels":null}
1.4.2024, 18:02:09 - ERROR - cannot find toys | TypeError: collection.find(...).toArray(...).sort is not a function
1.4.2024, 18:02:09 - ERROR - Failed to get toys | TypeError: collection.find(...).toArray(...).sort is not a function
1.4.2024, 18:02:10 - INFO - Req was made | /
1.4.2024, 18:02:10 - ERROR - cannot find toys | TypeError: collection.find(...).toArray(...).sort is not a function
1.4.2024, 18:02:10 - DEBUG - Getting Toys | {"txt":"","status":null,"labels":null}
1.4.2024, 18:02:10 - ERROR - Failed to get toys | TypeError: collection.find(...).toArray(...).sort is not a function
1.4.2024, 18:02:10 - INFO - Req was made | /
1.4.2024, 18:02:10 - DEBUG - Getting Toys | {"txt":"","status":null,"labels":null}
1.4.2024, 18:02:10 - ERROR - cannot find toys | TypeError: collection.find(...).toArray(...).sort is not a function
1.4.2024, 18:02:10 - ERROR - Failed to get toys | TypeError: collection.find(...).toArray(...).sort is not a function
1.4.2024, 18:02:10 - INFO - Req was made | /
1.4.2024, 18:02:10 - ERROR - cannot find toys | TypeError: collection.find(...).toArray(...).sort is not a function
1.4.2024, 18:02:10 - DEBUG - Getting Toys | {"txt":"","status":null,"labels":null}
1.4.2024, 18:02:10 - ERROR - Failed to get toys | TypeError: collection.find(...).toArray(...).sort is not a function
1.4.2024, 18:02:10 - INFO - Req was made | /
1.4.2024, 18:02:10 - DEBUG - Getting Toys | {"txt":"","status":null,"labels":null}
1.4.2024, 18:02:10 - ERROR - cannot find toys | TypeError: collection.find(...).toArray(...).sort is not a function
1.4.2024, 18:02:10 - ERROR - Failed to get toys | TypeError: collection.find(...).toArray(...).sort is not a function
1.4.2024, 18:02:10 - DEBUG - Getting Toys | {"txt":"","status":null,"labels":null}
1.4.2024, 18:02:10 - ERROR - cannot find toys | TypeError: collection.find(...).toArray(...).sort is not a function
1.4.2024, 18:02:10 - ERROR - Failed to get toys | TypeError: collection.find(...).toArray(...).sort is not a function
1.4.2024, 18:02:10 - INFO - Req was made | /
1.4.2024, 18:02:10 - INFO - Req was made | /
1.4.2024, 18:02:10 - DEBUG - Getting Toys | {"txt":"","status":null,"labels":null}
1.4.2024, 18:02:10 - ERROR - cannot find toys | TypeError: collection.find(...).toArray(...).sort is not a function
1.4.2024, 18:02:10 - ERROR - Failed to get toys | TypeError: collection.find(...).toArray(...).sort is not a function
1.4.2024, 18:02:10 - INFO - Req was made | /
1.4.2024, 18:02:10 - DEBUG - Getting Toys | {"txt":"","status":null,"labels":null}
1.4.2024, 18:02:10 - ERROR - Failed to get toys | TypeError: collection.find(...).toArray(...).sort is not a function
1.4.2024, 18:02:10 - ERROR - cannot find toys | TypeError: collection.find(...).toArray(...).sort is not a function
1.4.2024, 18:02:10 - DEBUG - Getting Toys | {"txt":"","status":null,"labels":null}
1.4.2024, 18:02:10 - ERROR - Failed to get toys | TypeError: collection.find(...).toArray(...).sort is not a function
1.4.2024, 18:02:10 - ERROR - cannot find toys | TypeError: collection.find(...).toArray(...).sort is not a function
1.4.2024, 18:02:10 - INFO - Req was made | /
1.4.2024, 18:02:10 - DEBUG - Getting Toys | {"txt":"","status":null,"labels":null}
1.4.2024, 18:02:10 - INFO - Req was made | /
1.4.2024, 18:02:10 - ERROR - cannot find toys | TypeError: collection.find(...).toArray(...).sort is not a function
1.4.2024, 18:02:10 - ERROR - Failed to get toys | TypeError: collection.find(...).toArray(...).sort is not a function
1.4.2024, 18:02:10 - DEBUG - Getting Toys | {"txt":"","status":null,"labels":null}
1.4.2024, 18:02:10 - ERROR - Failed to get toys | TypeError: collection.find(...).toArray(...).sort is not a function
1.4.2024, 18:02:10 - ERROR - cannot find toys | TypeError: collection.find(...).toArray(...).sort is not a function
1.4.2024, 18:02:10 - INFO - Req was made | /
1.4.2024, 18:02:10 - DEBUG - Getting Toys | {"txt":"","status":null,"labels":null}
1.4.2024, 18:02:10 - INFO - Req was made | /
1.4.2024, 18:02:10 - ERROR - Failed to get toys | TypeError: collection.find(...).toArray(...).sort is not a function
1.4.2024, 18:02:10 - ERROR - cannot find toys | TypeError: collection.find(...).toArray(...).sort is not a function
1.4.2024, 18:02:10 - DEBUG - Getting Toys | {"txt":"","status":null,"labels":null}
1.4.2024, 18:02:10 - ERROR - cannot find toys | TypeError: collection.find(...).toArray(...).sort is not a function
1.4.2024, 18:02:10 - INFO - Req was made | /
1.4.2024, 18:02:10 - ERROR - Failed to get toys | TypeError: collection.find(...).toArray(...).sort is not a function
1.4.2024, 18:02:10 - INFO - Req was made | /
1.4.2024, 18:02:10 - DEBUG - Getting Toys | {"txt":"","status":null,"labels":null}
1.4.2024, 18:02:10 - ERROR - cannot find toys | TypeError: collection.find(...).toArray(...).sort is not a function
1.4.2024, 18:02:10 - ERROR - Failed to get toys | TypeError: collection.find(...).toArray(...).sort is not a function
1.4.2024, 18:02:10 - INFO - Req was made | /
1.4.2024, 18:02:10 - ERROR - Failed to get toys | TypeError: collection.find(...).toArray(...).sort is not a function
1.4.2024, 18:02:10 - DEBUG - Getting Toys | {"txt":"","status":null,"labels":null}
1.4.2024, 18:02:10 - ERROR - cannot find toys | TypeError: collection.find(...).toArray(...).sort is not a function
1.4.2024, 18:02:10 - INFO - Req was made | /
1.4.2024, 18:02:10 - ERROR - cannot find toys | TypeError: collection.find(...).toArray(...).sort is not a function
1.4.2024, 18:02:10 - DEBUG - Getting Toys | {"txt":"","status":null,"labels":null}
1.4.2024, 18:02:10 - ERROR - Failed to get toys | TypeError: collection.find(...).toArray(...).sort is not a function
1.4.2024, 18:02:10 - INFO - Req was made | /
1.4.2024, 18:02:10 - DEBUG - Getting Toys | {"txt":"","status":null,"labels":null}
1.4.2024, 18:02:10 - ERROR - Failed to get toys | TypeError: collection.find(...).toArray(...).sort is not a function
1.4.2024, 18:02:10 - ERROR - cannot find toys | TypeError: collection.find(...).toArray(...).sort is not a function
1.4.2024, 18:02:10 - INFO - Req was made | /
1.4.2024, 18:02:10 - DEBUG - Getting Toys | {"txt":"","status":null,"labels":null}
1.4.2024, 18:02:10 - ERROR - cannot find toys | TypeError: collection.find(...).toArray(...).sort is not a function
1.4.2024, 18:02:10 - ERROR - Failed to get toys | TypeError: collection.find(...).toArray(...).sort is not a function
1.4.2024, 18:02:10 - INFO - Req was made | /
1.4.2024, 18:02:10 - ERROR - cannot find toys | TypeError: collection.find(...).toArray(...).sort is not a function
1.4.2024, 18:02:10 - ERROR - Failed to get toys | TypeError: collection.find(...).toArray(...).sort is not a function
1.4.2024, 18:02:10 - DEBUG - Getting Toys | {"txt":"","status":null,"labels":null}
1.4.2024, 18:02:10 - INFO - Req was made | /
1.4.2024, 18:02:10 - DEBUG - Getting Toys | {"txt":"","status":null,"labels":null}
1.4.2024, 18:02:10 - ERROR - cannot find toys | TypeError: collection.find(...).toArray(...).sort is not a function
1.4.2024, 18:02:10 - ERROR - Failed to get toys | TypeError: collection.find(...).toArray(...).sort is not a function
1.4.2024, 18:02:10 - INFO - Req was made | /
1.4.2024, 18:02:10 - ERROR - cannot find toys | TypeError: collection.find(...).toArray(...).sort is not a function
1.4.2024, 18:02:10 - ERROR - Failed to get toys | TypeError: collection.find(...).toArray(...).sort is not a function
1.4.2024, 18:02:10 - DEBUG - Getting Toys | {"txt":"","status":null,"labels":null}
1.4.2024, 18:02:11 - INFO - Req was made | /
1.4.2024, 18:02:11 - ERROR - cannot find toys | TypeError: collection.find(...).toArray(...).sort is not a function
1.4.2024, 18:02:11 - DEBUG - Getting Toys | {"txt":"","status":null,"labels":null}
1.4.2024, 18:02:11 - ERROR - Failed to get toys | TypeError: collection.find(...).toArray(...).sort is not a function
1.4.2024, 18:02:11 - INFO - Req was made | /
1.4.2024, 18:02:11 - DEBUG - Getting Toys | {"txt":"","status":null,"labels":null}
1.4.2024, 18:02:11 - ERROR - cannot find toys | TypeError: collection.find(...).toArray(...).sort is not a function
1.4.2024, 18:02:11 - ERROR - Failed to get toys | TypeError: collection.find(...).toArray(...).sort is not a function
1.4.2024, 18:02:11 - DEBUG - Getting Toys | {"txt":"","status":null,"labels":null}
1.4.2024, 18:02:11 - ERROR - Failed to get toys | TypeError: collection.find(...).toArray(...).sort is not a function
1.4.2024, 18:02:11 - INFO - Req was made | /
1.4.2024, 18:02:11 - ERROR - cannot find toys | TypeError: collection.find(...).toArray(...).sort is not a function
1.4.2024, 18:02:38 - INFO - server.js loaded...
1.4.2024, 18:02:38 - INFO - Server is running on port: 3030
1.4.2024, 18:02:52 - DEBUG - Getting Toys | {"txt":"","status":null,"labels":null}
1.4.2024, 18:02:52 - INFO - Req was made | /
1.4.2024, 18:02:52 - ERROR - cannot find toys | TypeError: collection.find(...).toArray(...).sort is not a function
1.4.2024, 18:02:52 - ERROR - Failed to get toys | TypeError: collection.find(...).toArray(...).sort is not a function
1.4.2024, 18:02:52 - INFO - Req was made | /
1.4.2024, 18:02:52 - DEBUG - Getting Toys | {"txt":"","status":null,"labels":null}
1.4.2024, 18:02:52 - ERROR - cannot find toys | TypeError: collection.find(...).toArray(...).sort is not a function
1.4.2024, 18:02:52 - ERROR - Failed to get toys | TypeError: collection.find(...).toArray(...).sort is not a function
1.4.2024, 18:03:08 - INFO - server.js loaded...
1.4.2024, 18:03:08 - INFO - Server is running on port: 3030
1.4.2024, 18:03:11 - INFO - Req was made | /
1.4.2024, 18:03:11 - DEBUG - Getting Toys | {"txt":"","status":null,"labels":null}
1.4.2024, 18:03:11 - ERROR - cannot find toys | TypeError: collection.find(...).toArray(...).sort is not a function
1.4.2024, 18:03:11 - ERROR - Failed to get toys | TypeError: collection.find(...).toArray(...).sort is not a function
1.4.2024, 18:03:11 - INFO - Req was made | /
1.4.2024, 18:03:11 - DEBUG - Getting Toys | {"txt":"","status":null,"labels":null}
1.4.2024, 18:03:11 - ERROR - cannot find toys | TypeError: collection.find(...).toArray(...).sort is not a function
1.4.2024, 18:03:11 - ERROR - Failed to get toys | TypeError: collection.find(...).toArray(...).sort is not a function
1.4.2024, 18:04:07 - INFO - server.js loaded...
1.4.2024, 18:04:07 - INFO - Server is running on port: 3030
1.4.2024, 18:04:14 - INFO - server.js loaded...
1.4.2024, 18:04:14 - INFO - Server is running on port: 3030
1.4.2024, 18:04:20 - INFO - Req was made | /
1.4.2024, 18:04:20 - DEBUG - Getting Toys | {"txt":"","status":null,"labels":null}
1.4.2024, 18:04:20 - INFO - Req was made | /
1.4.2024, 18:04:20 - DEBUG - Getting Toys | {"txt":"","status":null,"labels":null}
1.4.2024, 18:04:24 - INFO - Req was made | /
1.4.2024, 18:04:24 - DEBUG - Getting Toys | {"txt":"","status":null,"labels":null}
1.4.2024, 18:04:25 - DEBUG - Getting Toys | {"txt":"","status":null,"labels":null}
1.4.2024, 18:04:25 - INFO - Req was made | /
1.4.2024, 18:04:25 - INFO - Req was made | /
1.4.2024, 18:04:25 - DEBUG - Getting Toys | {"txt":"","status":null,"labels":null}
1.4.2024, 18:04:26 - INFO - Req was made | /
1.4.2024, 18:04:26 - DEBUG - Getting Toys | {"txt":"","status":null,"labels":null}
1.4.2024, 18:04:26 - INFO - Req was made | /
1.4.2024, 18:04:26 - DEBUG - Getting Toys | {"txt":"","status":null,"labels":null}
1.4.2024, 18:04:26 - INFO - Req was made | /
1.4.2024, 18:04:26 - DEBUG - Getting Toys | {"txt":"","status":null,"labels":null}
1.4.2024, 18:04:27 - INFO - Req was made | /
1.4.2024, 18:04:27 - DEBUG - Getting Toys | {"txt":"","status":null,"labels":null}
1.4.2024, 18:04:27 - INFO - Req was made | /
1.4.2024, 18:04:27 - DEBUG - Getting Toys | {"txt":"","status":null,"labels":null}
1.4.2024, 18:04:27 - DEBUG - Getting Toys | {"txt":"","status":null,"labels":null}
1.4.2024, 18:04:27 - INFO - Req was made | /
1.4.2024, 18:04:27 - DEBUG - Getting Toys | {"txt":"","status":null,"labels":null}
1.4.2024, 18:04:27 - INFO - Req was made | /
1.4.2024, 18:04:28 - INFO - Req was made | /
1.4.2024, 18:04:28 - DEBUG - Getting Toys | {"txt":"","status":null,"labels":null}
1.4.2024, 18:04:28 - INFO - Req was made | /
1.4.2024, 18:04:28 - DEBUG - Getting Toys | {"txt":"","status":null,"labels":null}
1.4.2024, 18:04:28 - INFO - Req was made | /
1.4.2024, 18:04:28 - DEBUG - Getting Toys | {"txt":"","status":null,"labels":null}
1.4.2024, 18:04:28 - DEBUG - Getting Toys | {"txt":"","status":null,"labels":null}
1.4.2024, 18:04:28 - INFO - Req was made | /
1.4.2024, 18:04:28 - INFO - Req was made | /
1.4.2024, 18:04:28 - DEBUG - Getting Toys | {"txt":"","status":null,"labels":null}
1.4.2024, 18:04:29 - DEBUG - Getting Toys | {"txt":"","status":null,"labels":null}
1.4.2024, 18:04:29 - INFO - Req was made | /
1.4.2024, 18:04:29 - DEBUG - Getting Toys | {"txt":"","status":null,"labels":null}
1.4.2024, 18:04:29 - INFO - Req was made | /
1.4.2024, 18:04:29 - INFO - Req was made | /
1.4.2024, 18:04:29 - DEBUG - Getting Toys | {"txt":"","status":null,"labels":null}
1.4.2024, 18:04:30 - DEBUG - Getting Toys | {"txt":"","status":null,"labels":null}
1.4.2024, 18:04:30 - INFO - Req was made | /
1.4.2024, 18:04:30 - DEBUG - Getting Toys | {"txt":"","status":null,"labels":null}
1.4.2024, 18:04:30 - INFO - Req was made | /
1.4.2024, 18:04:30 - INFO - Req was made | /
1.4.2024, 18:04:30 - DEBUG - Getting Toys | {"txt":"","status":null,"labels":null}
1.4.2024, 18:04:30 - DEBUG - Getting Toys | {"txt":"","status":null,"labels":null}
1.4.2024, 18:04:30 - INFO - Req was made | /
1.4.2024, 18:04:30 - DEBUG - Getting Toys | {"txt":"","status":null,"labels":null}
1.4.2024, 18:04:30 - INFO - Req was made | /
1.4.2024, 18:04:31 - INFO - Req was made | /
1.4.2024, 18:04:31 - DEBUG - Getting Toys | {"txt":"","status":null,"labels":null}
1.4.2024, 18:04:36 - DEBUG - Getting Toys | {"txt":"","status":null,"labels":null}
1.4.2024, 18:04:36 - INFO - Req was made | /
1.4.2024, 18:04:37 - DEBUG - Getting Toys | {"txt":"","status":null,"labels":null}
1.4.2024, 18:04:37 - INFO - Req was made | /
1.4.2024, 18:04:39 - DEBUG - Getting Toys | {"txt":"","status":null,"labels":null}
1.4.2024, 18:04:39 - INFO - Req was made | /
1.4.2024, 18:04:39 - DEBUG - Getting Toys | {"txt":"","status":null,"labels":null}
1.4.2024, 18:04:39 - INFO - Req was made | /
1.4.2024, 18:04:41 - INFO - Req was made | /
1.4.2024, 18:04:41 - DEBUG - Getting Toys | {"txt":"","status":null,"labels":null}
1.4.2024, 18:04:41 - INFO - Req was made | /
1.4.2024, 18:04:41 - DEBUG - Getting Toys | {"txt":"","status":null,"labels":null}
1.4.2024, 18:04:41 - INFO - Req was made | /
1.4.2024, 18:04:41 - DEBUG - Getting Toys | {"txt":"","status":null,"labels":null}
1.4.2024, 18:04:42 - DEBUG - Getting Toys | {"txt":"","status":null,"labels":null}
1.4.2024, 18:04:42 - INFO - Req was made | /
1.4.2024, 18:04:42 - INFO - Req was made | /
1.4.2024, 18:04:42 - DEBUG - Getting Toys | {"txt":"","status":null,"labels":null}
1.4.2024, 18:04:42 - INFO - Req was made | /
1.4.2024, 18:04:42 - DEBUG - Getting Toys | {"txt":"","status":null,"labels":null}
1.4.2024, 18:04:43 - INFO - Req was made | /
1.4.2024, 18:04:43 - DEBUG - Getting Toys | {"txt":"","status":null,"labels":null}
1.4.2024, 18:04:44 - DEBUG - Getting Toys | {"txt":"","status":null,"labels":null}
1.4.2024, 18:04:44 - INFO - Req was made | /
1.4.2024, 18:04:45 - INFO - Req was made | /
1.4.2024, 18:04:45 - DEBUG - Getting Toys | {"txt":"","status":null,"labels":null}
1.4.2024, 18:04:46 - DEBUG - Getting Toys | {"txt":"","status":null,"labels":null}
1.4.2024, 18:04:46 - INFO - Req was made | /
1.4.2024, 18:04:46 - DEBUG - Getting Toys | {"txt":"","status":null,"labels":null}
1.4.2024, 18:04:46 - INFO - Req was made | /
1.4.2024, 18:04:47 - INFO - Req was made | /
1.4.2024, 18:04:47 - DEBUG - Getting Toys | {"txt":"","status":null,"labels":null}
1.4.2024, 18:04:47 - INFO - Req was made | /
1.4.2024, 18:04:47 - DEBUG - Getting Toys | {"txt":"","status":null,"labels":null}
1.4.2024, 18:04:50 - INFO - Req was made | /
1.4.2024, 18:04:50 - DEBUG - Getting Toys | {"txt":"","status":null,"labels":null}
1.4.2024, 18:04:51 - DEBUG - Getting Toys | {"txt":"","status":null,"labels":null}
1.4.2024, 18:04:51 - INFO - Req was made | /
1.4.2024, 18:04:53 - INFO - Req was made | /
1.4.2024, 18:04:53 - DEBUG - Getting Toys | {"txt":"","status":null,"labels":null}
1.4.2024, 18:04:54 - DEBUG - Getting Toys | {"txt":"","status":null,"labels":null}
1.4.2024, 18:04:54 - INFO - Req was made | /
1.4.2024, 18:04:55 - INFO - Req was made | /
1.4.2024, 18:04:55 - DEBUG - Getting Toys | {"txt":"","status":null,"labels":null}
1.4.2024, 18:04:56 - DEBUG - Getting Toys | {"txt":"","status":null,"labels":null}
1.4.2024, 18:04:56 - INFO - Req was made | /
1.4.2024, 18:05:25 - INFO - server.js loaded...
1.4.2024, 18:05:25 - INFO - Server is running on port: 3030
1.4.2024, 18:05:52 - DEBUG - Getting Toys | {"txt":"","status":null,"labels":null}
1.4.2024, 18:05:52 - INFO - Req was made | /
1.4.2024, 18:06:04 - INFO - server.js loaded...
1.4.2024, 18:06:04 - INFO - Server is running on port: 3030
1.4.2024, 18:06:10 - INFO - Req was made | /
1.4.2024, 18:06:10 - DEBUG - Getting Toys | {"txt":"","status":null,"labels":null}
1.4.2024, 18:28:08 - INFO - Req was made | /
1.4.2024, 18:28:08 - DEBUG - Getting Toys | {"txt":"","status":null,"labels":null}
1.4.2024, 18:28:08 - INFO - Req was made | /
1.4.2024, 18:28:08 - DEBUG - Getting Toys | {"txt":"","status":null,"labels":null}
1.4.2024, 18:28:11 - INFO - Req was made | /
1.4.2024, 18:28:11 - DEBUG - Getting Toys | {"txt":"","status":null,"labels":null}
1.4.2024, 18:28:12 - DEBUG - Getting Toys | {"txt":"","status":null,"labels":null}
1.4.2024, 18:28:12 - INFO - Req was made | /
1.4.2024, 18:28:13 - DEBUG - Getting Toys | {"txt":"","status":null,"labels":null}
1.4.2024, 18:28:13 - INFO - Req was made | /
1.4.2024, 18:28:13 - INFO - Req was made | /
1.4.2024, 18:28:13 - DEBUG - Getting Toys | {"txt":"","status":null,"labels":null}
1.4.2024, 18:28:13 - INFO - Req was made | /
1.4.2024, 18:28:13 - DEBUG - Getting Toys | {"txt":"","status":null,"labels":null}
1.4.2024, 18:28:14 - INFO - Req was made | /
1.4.2024, 18:28:14 - DEBUG - Getting Toys | {"txt":"","status":null,"labels":null}
1.4.2024, 18:28:14 - INFO - Req was made | /
1.4.2024, 18:28:14 - DEBUG - Getting Toys | {"txt":"","status":null,"labels":null}
1.4.2024, 18:28:14 - INFO - Req was made | /
1.4.2024, 18:28:14 - DEBUG - Getting Toys | {"txt":"","status":null,"labels":null}
1.4.2024, 18:28:14 - DEBUG - Getting Toys | {"txt":"","status":null,"labels":null}
1.4.2024, 18:28:14 - INFO - Req was made | /
1.4.2024, 18:28:14 - INFO - Req was made | /
1.4.2024, 18:28:14 - DEBUG - Getting Toys | {"txt":"","status":null,"labels":null}
1.4.2024, 18:28:15 - INFO - Req was made | /
1.4.2024, 18:28:15 - DEBUG - Getting Toys | {"txt":"","status":null,"labels":null}
1.4.2024, 18:28:15 - DEBUG - Getting Toys | {"txt":"","status":null,"labels":null}
1.4.2024, 18:28:15 - INFO - Req was made | /
1.4.2024, 18:28:15 - INFO - Req was made | /
1.4.2024, 18:28:15 - DEBUG - Getting Toys | {"txt":"","status":null,"labels":null}
1.4.2024, 18:28:15 - DEBUG - Getting Toys | {"txt":"","status":null,"labels":null}
1.4.2024, 18:28:15 - INFO - Req was made | /
1.4.2024, 18:28:34 - INFO - server.js loaded...
1.4.2024, 18:28:34 - INFO - Server is running on port: 3030
1.4.2024, 18:28:39 - INFO - Req was made | /
1.4.2024, 18:28:39 - DEBUG - Getting Toys | {"txt":"","status":null,"labels":null}
1.4.2024, 18:28:40 - DEBUG - Getting Toys | {"txt":"","status":null,"labels":null}
1.4.2024, 18:28:40 - INFO - Req was made | /
1.4.2024, 18:29:16 - INFO - server.js loaded...
1.4.2024, 18:29:16 - INFO - Server is running on port: 3030
1.4.2024, 18:29:33 - INFO - server.js loaded...
1.4.2024, 18:29:33 - INFO - Server is running on port: 3030
1.4.2024, 18:29:38 - DEBUG - Getting Toys | {"txt":"","status":null,"labels":null}
1.4.2024, 18:29:38 - INFO - Req was made | /
1.4.2024, 18:29:38 - INFO - Req was made | /
1.4.2024, 18:29:38 - DEBUG - Getting Toys | {"txt":"","status":null,"labels":null}
1.4.2024, 18:30:14 - INFO - server.js loaded...
1.4.2024, 18:30:14 - INFO - Server is running on port: 3030
1.4.2024, 18:31:44 - INFO - Req was made | /
1.4.2024, 18:31:44 - DEBUG - Getting Toys | {"txt":"","status":null,"labels":null}
1.4.2024, 18:32:08 - INFO - server.js loaded...
1.4.2024, 18:32:08 - INFO - Server is running on port: 3030
1.4.2024, 18:32:13 - DEBUG - Getting Toys | {"txt":"","status":null,"labels":null}
1.4.2024, 18:32:13 - INFO - Req was made | /
1.4.2024, 18:33:47 - INFO - server.js loaded...
1.4.2024, 18:33:47 - INFO - Server is running on port: 3030
1.4.2024, 18:33:52 - INFO - Req was made | /
1.4.2024, 18:33:52 - DEBUG - Getting Toys | {"txt":"","status":null,"labels":null}
1.4.2024, 18:33:52 - INFO - Req was made | /
1.4.2024, 18:33:52 - DEBUG - Getting Toys | {"txt":"","status":null,"labels":null}
1.4.2024, 18:34:43 - INFO - server.js loaded...
1.4.2024, 18:34:43 - INFO - Server is running on port: 3030
1.4.2024, 18:34:47 - INFO - Req was made | /
1.4.2024, 18:34:47 - DEBUG - Getting Toys | {"txt":"","status":null,"labels":null}
1.4.2024, 18:35:07 - INFO - server.js loaded...
1.4.2024, 18:35:07 - INFO - Server is running on port: 3030
1.4.2024, 18:35:16 - DEBUG - Getting Toys | {"txt":"","status":null,"labels":null}
1.4.2024, 18:35:16 - INFO - Req was made | /
1.4.2024, 18:35:18 - INFO - Req was made | /
1.4.2024, 18:35:18 - DEBUG - Getting Toys | {"txt":"","status":null,"labels":null}
1.4.2024, 18:35:19 - DEBUG - Getting Toys | {"txt":"","status":null,"labels":null}
1.4.2024, 18:35:19 - INFO - Req was made | /
1.4.2024, 18:37:22 - INFO - Req was made | /
1.4.2024, 18:37:22 - DEBUG - Getting Toys | {"txt":"","status":null,"labels":null}
1.4.2024, 18:37:22 - INFO - Req was made | /
1.4.2024, 18:37:22 - DEBUG - Getting Toys | {"txt":"","status":null,"labels":null}
1.4.2024, 18:38:22 - INFO - Req was made | /
1.4.2024, 18:38:22 - DEBUG - Getting Toys | {"txt":"","status":null,"labels":null}
1.4.2024, 18:38:22 - INFO - Req was made | /
1.4.2024, 18:38:22 - DEBUG - Getting Toys | {"txt":"","status":null,"labels":null}
1.4.2024, 18:38:26 - INFO - Req was made | /
1.4.2024, 18:38:26 - DEBUG - Getting Toys | {"txt":"","status":null,"labels":null}
1.4.2024, 18:38:27 - INFO - Req was made | /
1.4.2024, 18:38:27 - DEBUG - Getting Toys | {"txt":"","status":null,"labels":null}
1.4.2024, 18:38:27 - DEBUG - Getting Toys | {"txt":"","status":null,"labels":null}
1.4.2024, 18:38:27 - INFO - Req was made | /
1.4.2024, 18:38:28 - DEBUG - Getting Toys | {"txt":"","status":null,"labels":null}
1.4.2024, 18:38:28 - INFO - Req was made | /
1.4.2024, 18:38:28 - DEBUG - Getting Toys | {"txt":"","status":null,"labels":null}
1.4.2024, 18:38:28 - INFO - Req was made | /
1.4.2024, 18:38:28 - DEBUG - Getting Toys | {"txt":"","status":null,"labels":null}
1.4.2024, 18:38:28 - INFO - Req was made | /
1.4.2024, 18:38:29 - DEBUG - Getting Toys | {"txt":"","status":null,"labels":null}
1.4.2024, 18:38:29 - INFO - Req was made | /
1.4.2024, 18:38:29 - INFO - Req was made | /
1.4.2024, 18:38:29 - DEBUG - Getting Toys | {"txt":"","status":null,"labels":null}
1.4.2024, 18:38:29 - INFO - Req was made | /
1.4.2024, 18:38:29 - DEBUG - Getting Toys | {"txt":"","status":null,"labels":null}
1.4.2024, 18:38:29 - DEBUG - Getting Toys | {"txt":"","status":null,"labels":null}
1.4.2024, 18:38:29 - INFO - Req was made | /
1.4.2024, 18:38:29 - DEBUG - Getting Toys | {"txt":"","status":null,"labels":null}
1.4.2024, 18:38:29 - INFO - Req was made | /
1.4.2024, 18:38:29 - INFO - Req was made | /
1.4.2024, 18:38:29 - DEBUG - Getting Toys | {"txt":"","status":null,"labels":null}
1.4.2024, 18:38:30 - INFO - Req was made | /
1.4.2024, 18:38:30 - DEBUG - Getting Toys | {"txt":"","status":null,"labels":null}
1.4.2024, 18:38:30 - INFO - Req was made | /
1.4.2024, 18:38:30 - DEBUG - Getting Toys | {"txt":"","status":null,"labels":null}
1.4.2024, 18:38:30 - INFO - Req was made | /
1.4.2024, 18:38:30 - DEBUG - Getting Toys | {"txt":"","status":null,"labels":null}
1.4.2024, 18:38:30 - DEBUG - Getting Toys | {"txt":"","status":null,"labels":null}
1.4.2024, 18:38:30 - INFO - Req was made | /
1.4.2024, 18:38:30 - INFO - Req was made | /
1.4.2024, 18:38:30 - DEBUG - Getting Toys | {"txt":"","status":null,"labels":null}
1.4.2024, 18:38:31 - INFO - Req was made | /
1.4.2024, 18:38:31 - DEBUG - Getting Toys | {"txt":"","status":null,"labels":null}
1.4.2024, 18:38:31 - DEBUG - Getting Toys | {"txt":"","status":null,"labels":null}
1.4.2024, 18:38:31 - INFO - Req was made | /
1.4.2024, 18:38:32 - INFO - Req was made | /
1.4.2024, 18:38:32 - DEBUG - Getting Toys | {"txt":"","status":null,"labels":null}
1.4.2024, 18:38:33 - DEBUG - Getting Toys | {"txt":"","status":null,"labels":null}
1.4.2024, 18:38:33 - INFO - Req was made | /
1.4.2024, 18:38:33 - INFO - Req was made | /
1.4.2024, 18:38:33 - DEBUG - Getting Toys | {"txt":"","status":null,"labels":null}
1.4.2024, 18:38:33 - DEBUG - Getting Toys | {"txt":"","status":null,"labels":null}
1.4.2024, 18:38:33 - INFO - Req was made | /
1.4.2024, 18:38:33 - INFO - Req was made | /
1.4.2024, 18:38:33 - DEBUG - Getting Toys | {"txt":"","status":null,"labels":null}
1.4.2024, 18:38:40 - INFO - Req was made | /
1.4.2024, 18:38:40 - DEBUG - Getting Toys | {"txt":"","status":null,"labels":null}
1.4.2024, 19:26:29 - INFO - Req was made | /
1.4.2024, 19:26:29 - DEBUG - Getting Toys | {"txt":"","status":null,"labels":null}
1.4.2024, 19:26:48 - INFO - Req was made | /
1.4.2024, 19:26:48 - DEBUG - Getting Toys | {"txt":"","status":null,"labels":null}
1.4.2024, 19:26:48 - DEBUG - Getting Toys | {"txt":"","status":null,"labels":null}
1.4.2024, 19:26:48 - INFO - Req was made | /
1.4.2024, 19:27:01 - INFO - Req was made | /
1.4.2024, 19:27:01 - DEBUG - Getting Toys | {"txt":"","status":null,"labels":null}
1.4.2024, 19:27:01 - INFO - Req was made | /
1.4.2024, 19:27:01 - DEBUG - Getting Toys | {"txt":"","status":null,"labels":null}
1.4.2024, 19:27:18 - INFO - Req was made | /
1.4.2024, 19:27:19 - DEBUG - Getting Toys | {"txt":"","status":null,"labels":null}
1.4.2024, 19:27:19 - DEBUG - Getting Toys | {"txt":"","status":null,"labels":null}
1.4.2024, 19:27:19 - INFO - Req was made | /
1.4.2024, 19:27:21 - INFO - Req was made | /
1.4.2024, 19:27:22 - DEBUG - Getting Toys | {"txt":"","status":null,"labels":null}
1.4.2024, 19:27:26 - INFO - Req was made | /
1.4.2024, 19:27:26 - DEBUG - Getting Toys | {"txt":"","status":"true","labels":null}
1.4.2024, 19:27:35 - INFO - Req was made | /
1.4.2024, 19:27:35 - DEBUG - Getting Toys | {"txt":"","status":"false","labels":null}
1.4.2024, 19:27:37 - INFO - Req was made | /
1.4.2024, 19:27:37 - DEBUG - Getting Toys | {"txt":"","status":null,"labels":null}
1.4.2024, 19:27:40 - INFO - Req was made | /
1.4.2024, 19:27:40 - DEBUG - Getting Toys | {"txt":"","status":null,"labels":null}
1.4.2024, 19:27:40 - DEBUG - Getting Toys | {"txt":"","status":null,"labels":null}
1.4.2024, 19:27:40 - INFO - Req was made | /
1.4.2024, 19:27:42 - DEBUG - Getting Toys | {"txt":"","status":null,"labels":null}
1.4.2024, 19:27:42 - INFO - Req was made | /
1.4.2024, 19:27:42 - INFO - Req was made | /
1.4.2024, 19:27:42 - DEBUG - Getting Toys | {"txt":"","status":null,"labels":null}
1.4.2024, 19:27:45 - INFO - Req was made | /
1.4.2024, 19:27:46 - DEBUG - Getting Toys | {"txt":"","status":null,"labels":null}
1.4.2024, 19:27:46 - INFO - Req was made | /
1.4.2024, 19:27:46 - DEBUG - Getting Toys | {"txt":"","status":null,"labels":null}
1.4.2024, 19:27:48 - DEBUG - Getting Toys | {"txt":"","status":null,"labels":null}
1.4.2024, 19:27:48 - INFO - Req was made | /
1.4.2024, 19:27:48 - INFO - Req was made | /
1.4.2024, 19:27:48 - DEBUG - Getting Toys | {"txt":"","status":null,"labels":null}
1.4.2024, 19:27:50 - DEBUG - Getting Toys | {"txt":"","status":null,"labels":null}
1.4.2024, 19:27:50 - INFO - Req was made | /
1.4.2024, 19:27:50 - INFO - Req was made | /
1.4.2024, 19:27:50 - DEBUG - Getting Toys | {"txt":"","status":null,"labels":null}
1.4.2024, 19:27:51 - DEBUG - Getting Toys | {"txt":"","status":null,"labels":null}
1.4.2024, 19:27:51 - INFO - Req was made | /
1.4.2024, 19:27:52 - INFO - Req was made | /
1.4.2024, 19:27:52 - DEBUG - Getting Toys | {"txt":"","status":null,"labels":null}
1.4.2024, 19:28:02 - INFO - Req was made | /
1.4.2024, 19:28:02 - DEBUG - Getting Toys | {"txt":"","status":null,"labels":null}
1.4.2024, 19:28:02 - INFO - Req was made | /
1.4.2024, 19:28:02 - DEBUG - Getting Toys | {"txt":"","status":null,"labels":null}
1.4.2024, 19:28:10 - INFO - Req was made | /
1.4.2024, 19:28:10 - DEBUG - Getting Toys | {"txt":"","status":null,"labels":null}
1.4.2024, 19:28:11 - INFO - Req was made | /
1.4.2024, 19:28:12 - DEBUG - Getting Toys | {"txt":"","status":null,"labels":null}
1.4.2024, 19:28:12 - INFO - Req was made | /
1.4.2024, 19:28:12 - DEBUG - Getting Toys | {"txt":"","status":null,"labels":null}
1.4.2024, 19:28:44 - INFO - server.js loaded...
1.4.2024, 19:28:44 - INFO - Server is running on port: 3030
1.4.2024, 19:28:46 - INFO - server.js loaded...
1.4.2024, 19:28:46 - INFO - Server is running on port: 3030
1.4.2024, 19:28:48 - INFO - Req was made | /
1.4.2024, 19:28:48 - ERROR - Failed to get toys | TypeError: Cannot read properties of undefined (reading 'byName')
1.4.2024, 19:28:49 - INFO - Req was made | /
1.4.2024, 19:28:49 - ERROR - Failed to get toys | TypeError: Cannot read properties of undefined (reading 'byName')
1.4.2024, 19:28:50 - INFO - Req was made | /
1.4.2024, 19:28:50 - ERROR - Failed to get toys | TypeError: Cannot read properties of undefined (reading 'byName')
1.4.2024, 19:29:16 - INFO - server.js loaded...
1.4.2024, 19:29:16 - INFO - Server is running on port: 3030
1.4.2024, 19:29:21 - INFO - Req was made | /
1.4.2024, 19:29:21 - ERROR - Failed to get toys | TypeError: Cannot read properties of undefined (reading 'byName')
1.4.2024, 19:29:38 - INFO - server.js loaded...
1.4.2024, 19:29:38 - INFO - Server is running on port: 3030
1.4.2024, 19:29:39 - INFO - Req was made | /
1.4.2024, 19:29:39 - DEBUG - Getting Toys | {"txt":"","status":null,"labels":null}
1.4.2024, 19:30:04 - INFO - server.js loaded...
1.4.2024, 19:30:04 - INFO - Server is running on port: 3030
1.4.2024, 19:30:42 - INFO - server.js loaded...
1.4.2024, 19:30:42 - INFO - Server is running on port: 3030
1.4.2024, 19:30:46 - INFO - Req was made | /
1.4.2024, 19:30:46 - DEBUG - Getting Toys | {"txt":"","status":null,"labels":null}
1.4.2024, 19:31:29 - INFO - server.js loaded...
1.4.2024, 19:31:29 - INFO - Server is running on port: 3030
1.4.2024, 19:31:30 - INFO - Req was made | /
1.4.2024, 19:31:30 - DEBUG - Getting Toys | {"txt":"","status":null,"labels":["Box game","On wheels"]}
1.4.2024, 19:31:31 - INFO - Req was made | /
1.4.2024, 19:31:31 - DEBUG - Getting Toys | {"txt":"a","status":null,"labels":["Box game","On wheels"]}
1.4.2024, 19:31:32 - INFO - Req was made | /
1.4.2024, 19:31:32 - DEBUG - Getting Toys | {"txt":"","status":null,"labels":["Box game","On wheels"]}
1.4.2024, 19:31:33 - INFO - Req was made | /
1.4.2024, 19:31:33 - DEBUG - Getting Toys | {"txt":"s","status":null,"labels":["Box game","On wheels"]}
1.4.2024, 19:31:33 - INFO - Req was made | /
1.4.2024, 19:31:33 - DEBUG - Getting Toys | {"txt":"sh","status":null,"labels":["Box game","On wheels"]}
1.4.2024, 19:31:33 - INFO - Req was made | /
1.4.2024, 19:31:33 - DEBUG - Getting Toys | {"txt":"sha","status":null,"labels":["Box game","On wheels"]}
1.4.2024, 19:31:34 - DEBUG - Getting Toys | {"txt":"shan","status":null,"labels":["Box game","On wheels"]}
1.4.2024, 19:31:34 - INFO - Req was made | /
1.4.2024, 19:31:34 - INFO - Req was made | /
1.4.2024, 19:31:34 - DEBUG - Getting Toys | {"txt":"shani","status":null,"labels":["Box game","On wheels"]}
1.4.2024, 19:31:35 - DEBUG - Getting Toys | {"txt":"shan","status":null,"labels":["Box game","On wheels"]}
1.4.2024, 19:31:35 - INFO - Req was made | /
1.4.2024, 19:31:35 - INFO - Req was made | /
1.4.2024, 19:31:35 - DEBUG - Getting Toys | {"txt":"sha","status":null,"labels":["Box game","On wheels"]}
1.4.2024, 19:31:35 - INFO - Req was made | /
1.4.2024, 19:31:35 - DEBUG - Getting Toys | {"txt":"sh","status":null,"labels":["Box game","On wheels"]}
1.4.2024, 19:31:35 - INFO - Req was made | /
1.4.2024, 19:31:36 - DEBUG - Getting Toys | {"txt":"s","status":null,"labels":["Box game","On wheels"]}
1.4.2024, 19:31:36 - INFO - Req was made | /
1.4.2024, 19:31:36 - DEBUG - Getting Toys | {"txt":"","status":null,"labels":["Box game","On wheels"]}
1.4.2024, 19:31:38 - INFO - Req was made | /
1.4.2024, 19:31:38 - DEBUG - Getting Toys | {"txt":"","status":null,"labels":["On wheels"]}
1.4.2024, 19:31:39 - INFO - Req was made | /
1.4.2024, 19:31:39 - DEBUG - Getting Toys | {"txt":"","status":null,"labels":["On wheels",""]}
1.4.2024, 19:31:40 - DEBUG - Getting Toys | {"txt":"","status":null,"labels":["On wheels"]}
1.4.2024, 19:31:40 - INFO - Req was made | /
1.4.2024, 19:31:43 - DEBUG - Getting Toys | {"txt":"","status":null,"labels":["On wheels","Box game"]}
1.4.2024, 19:31:43 - INFO - Req was made | /
1.4.2024, 19:31:44 - INFO - Req was made | /
1.4.2024, 19:31:44 - DEBUG - Getting Toys | {"txt":"","status":null,"labels":["On wheels","Box game","Art"]}
1.4.2024, 19:31:47 - INFO - Req was made | /
1.4.2024, 19:31:47 - DEBUG - Getting Toys | {"txt":"","status":null,"labels":["Box game","Art"]}
1.4.2024, 19:31:47 - DEBUG - Getting Toys | {"txt":"","status":null,"labels":["Box game","Art","Puzzle"]}
1.4.2024, 19:31:47 - INFO - Req was made | /
1.4.2024, 19:31:48 - INFO - Req was made | /
1.4.2024, 19:31:48 - DEBUG - Getting Toys | {"txt":"","status":null,"labels":["Box game","Art","Puzzle","Doll"]}
1.4.2024, 19:31:48 - INFO - Req was made | /
1.4.2024, 19:31:48 - DEBUG - Getting Toys | {"txt":"","status":null,"labels":["Box game","Art","Puzzle","Doll","Baby"]}
1.4.2024, 19:31:50 - DEBUG - Getting Toys | {"txt":"","status":null,"labels":["Art","Puzzle","Doll","Baby"]}
1.4.2024, 19:31:50 - INFO - Req was made | /
1.4.2024, 19:31:50 - INFO - Req was made | /
1.4.2024, 19:31:50 - DEBUG - Getting Toys | {"txt":"","status":null,"labels":["Art","Puzzle","Doll","Baby","Outdoor"]}
1.4.2024, 19:31:51 - INFO - Req was made | /
1.4.2024, 19:31:51 - DEBUG - Getting Toys | {"txt":"","status":null,"labels":["Puzzle","Doll","Baby","Outdoor"]}
1.4.2024, 19:31:52 - INFO - Req was made | /
1.4.2024, 19:31:52 - DEBUG - Getting Toys | {"txt":"","status":null,"labels":["Puzzle","Doll","Baby","Outdoor","Battery Powered"]}
1.4.2024, 19:31:54 - DEBUG - Getting Toys | {"txt":"","status":null,"labels":["Puzzle","Doll","Outdoor","Battery Powered"]}
1.4.2024, 19:31:54 - INFO - Req was made | /
1.4.2024, 19:31:54 - INFO - Req was made | /
1.4.2024, 19:31:54 - DEBUG - Getting Toys | {"txt":"","status":null,"labels":["Puzzle","Doll","Outdoor"]}
1.4.2024, 19:31:55 - DEBUG - Getting Toys | {"txt":"","status":null,"labels":["Puzzle","Doll"]}
1.4.2024, 19:31:55 - INFO - Req was made | /
1.4.2024, 19:31:56 - DEBUG - Getting Toys | {"txt":"","status":null,"labels":["Puzzle"]}
1.4.2024, 19:31:56 - INFO - Req was made | /
1.4.2024, 19:31:56 - DEBUG - Getting Toys | {"txt":"","status":null,"labels":["Puzzle","Doll"]}
1.4.2024, 19:31:56 - INFO - Req was made | /
1.4.2024, 19:31:57 - DEBUG - Getting Toys | {"txt":"","status":null,"labels":["Puzzle"]}
1.4.2024, 19:31:57 - INFO - Req was made | /
1.4.2024, 19:31:58 - INFO - Req was made | /
1.4.2024, 19:31:58 - DEBUG - Getting Toys | {"txt":"","status":null,"labels":["Puzzle","Doll"]}
1.4.2024, 19:31:58 - INFO - Req was made | /
1.4.2024, 19:31:58 - DEBUG - Getting Toys | {"txt":"","status":null,"labels":["Puzzle","Doll","Art"]}
1.4.2024, 19:32:02 - DEBUG - Getting Toys | {"txt":"","status":null,"labels":["Puzzle","Doll"]}
1.4.2024, 19:32:02 - INFO - Req was made | /
1.4.2024, 19:32:03 - INFO - Req was made | /
1.4.2024, 19:32:03 - DEBUG - Getting Toys | {"txt":"","status":null,"labels":["Puzzle","Doll","On wheels"]}
1.4.2024, 19:32:04 - INFO - Req was made | /
1.4.2024, 19:32:04 - DEBUG - Getting Toys | {"txt":"","status":null,"labels":["Puzzle","Doll"]}
1.4.2024, 19:32:04 - DEBUG - Getting Toys | {"txt":"","status":null,"labels":["Puzzle","Doll",""]}
1.4.2024, 19:32:04 - INFO - Req was made | /
1.4.2024, 19:33:27 - INFO - Req was made | /
1.4.2024, 19:33:27 - DEBUG - Getting Toys | {"txt":"","status":null,"labels":null}
1.4.2024, 19:33:27 - INFO - Req was made | /
1.4.2024, 19:33:27 - DEBUG - Getting Toys | {"txt":"","status":null,"labels":null}
1.4.2024, 19:33:28 - DEBUG - Getting Toys | {"txt":"s","status":null,"labels":null}
1.4.2024, 19:33:28 - INFO - Req was made | /
1.4.2024, 19:33:29 - INFO - Req was made | /
1.4.2024, 19:33:29 - DEBUG - Getting Toys | {"txt":"sh","status":null,"labels":null}
1.4.2024, 19:33:29 - INFO - Req was made | /
1.4.2024, 19:33:29 - DEBUG - Getting Toys | {"txt":"sha","status":null,"labels":null}
1.4.2024, 19:33:30 - DEBUG - Getting Toys | {"txt":"sh","status":null,"labels":null}
1.4.2024, 19:33:30 - INFO - Req was made | /
1.4.2024, 19:33:30 - INFO - Req was made | /
1.4.2024, 19:33:30 - DEBUG - Getting Toys | {"txt":"s","status":null,"labels":null}
1.4.2024, 19:33:31 - INFO - Req was made | /
1.4.2024, 19:33:31 - DEBUG - Getting Toys | {"txt":"","status":null,"labels":null}
1.4.2024, 19:33:52 - INFO - Req was made | /
1.4.2024, 19:33:53 - DEBUG - Getting Toys | {"txt":"","status":null,"labels":[""]}
1.4.2024, 19:33:56 - INFO - Req was made | /
1.4.2024, 19:33:56 - DEBUG - Getting Toys | {"txt":"","status":null,"labels":null}
1.4.2024, 19:33:56 - INFO - Req was made | /
1.4.2024, 19:33:56 - DEBUG - Getting Toys | {"txt":"","status":null,"labels":null}
1.4.2024, 19:34:03 - INFO - Req was made | /
1.4.2024, 19:34:03 - DEBUG - Getting Toys | {"txt":"","status":"true","labels":null}
1.4.2024, 19:34:04 - DEBUG - Getting Toys | {"txt":"","status":"false","labels":null}
1.4.2024, 19:34:04 - INFO - Req was made | /
1.4.2024, 19:34:06 - DEBUG - Getting Toys | {"txt":"","status":null,"labels":null}
1.4.2024, 19:34:06 - INFO - Req was made | /
1.4.2024, 19:35:31 - INFO - Req was made | /
1.4.2024, 19:35:31 - DEBUG - Getting Toys | {"txt":"","status":null,"labels":null}
1.4.2024, 19:35:31 - INFO - Req was made | /
1.4.2024, 19:35:32 - DEBUG - Getting Toys | {"txt":"","status":null,"labels":null}
1.4.2024, 19:41:36 - INFO - Req was made | /
1.4.2024, 19:41:37 - DEBUG - Getting Toys | {"txt":"","status":null,"labels":null}
1.4.2024, 19:41:42 - INFO - Req was made | /
1.4.2024, 19:41:43 - DEBUG - Getting Toys | {"txt":"","status":null,"labels":null}
1.4.2024, 19:43:56 - INFO - Req was made | /
1.4.2024, 19:43:57 - DEBUG - Getting Toys | {"txt":"","status":null,"labels":null}
1.4.2024, 19:43:57 - INFO - Req was made | /
1.4.2024, 19:43:57 - DEBUG - Getting Toys | {"txt":"","status":null,"labels":null}
1.4.2024, 19:49:54 - DEBUG - Getting Toys | {"txt":"","status":null,"labels":null}
1.4.2024, 19:49:53 - INFO - Req was made | /
1.4.2024, 19:58:02 - INFO - server.js loaded...
1.4.2024, 19:58:02 - INFO - Server is running on port: 3030
1.4.2024, 19:58:19 - INFO - server.js loaded...
1.4.2024, 19:58:19 - INFO - Server is running on port: 3030
1.4.2024, 19:58:28 - DEBUG - auth.service - signup with username: lian, fullname: lian borowitz
1.4.2024, 19:58:29 - DEBUG - auth.route - new account created: {"username":"lian","password":"$2b$10$jNPyb5oaqrki.o2r.cF5MO0yhKs5sYo4dGAxqAzG9DSvzbqRod9/a","fullname":"lian borowitz","score":100,"_id":"660ae7b57669a079ee2c2593"}
1.4.2024, 19:58:29 - DEBUG - auth.service - login with username: lian
1.4.2024, 19:58:29 - INFO - User signup: | {"_id":"660ae7b57669a079ee2c2593","username":"lian","fullname":"lian borowitz","imgUrl":null,"score":100}
1.4.2024, 19:58:48 - WARN - lian borowitz attempted to perform admin action
1.4.2024, 19:58:58 - DEBUG - Getting Toys | {"txt":"","status":null,"labels":null}
1.4.2024, 19:58:58 - INFO - Req was made | /
1.4.2024, 19:58:58 - INFO - Req was made | /
1.4.2024, 19:58:58 - DEBUG - Getting Toys | {"txt":"","status":null,"labels":null}
1.4.2024, 19:59:15 - DEBUG - auth.service - signup with username: puki, fullname: puki gonzaleles
1.4.2024, 19:59:15 - DEBUG - auth.route - new account created: {"username":"puki","password":"$2b$10$o4CloN78M5oDH1R5KgjL7.s3VTT0G8vTFLMZTnuXBugtyrsRr7FZ.","fullname":"puki gonzaleles","score":100,"_id":"660ae7e37669a079ee2c2594"}
1.4.2024, 19:59:15 - DEBUG - auth.service - login with username: puki
1.4.2024, 19:59:15 - INFO - User signup: | {"_id":"660ae7e37669a079ee2c2594","username":"puki","fullname":"puki gonzaleles","imgUrl":null,"score":100}
